[2026-05-07 18:27:50]: load base_coe.dat OK.
[2026-05-07 18:27:50]: config_path: E:/7invensun/aSeeGlassesPlusUserSDK\bin\config
[2026-05-07 18:27:50]: init sdk: 0
[2026-05-07 18:27:50]: version: 130.20260203.1426-8208-100033-20250527_0_0_0_0_GETVIVO-250820AGP3o@GOB5F27D0821-FD.AGP3PLUS.240.20251208.02
[2026-05-07 18:27:50]: set data: 0 240
[2026-05-07 18:27:51]: 0 1280 720 100 0
[2026-05-07 18:27:51]: start camera: 0
[2026-05-07 18:27:51]: set front camera gamma: 0
[2026-05-07 18:27:51]: start gaze callback_ex: 0
[2026-05-07 18:28:00]: start calibration: 3 0
[2026-05-07 18:28:00]: set default calibration L: 0 -640.000000 640.000000 -360.000000 360.000000
[2026-05-07 18:28:00]: set default calibration R: 0 -640.000000 640.000000 -360.000000 360.000000
[2026-05-07 18:28:02]: start calibration point: 1 1 2.00 20.00 0
[2026-05-07 18:28:02]: start calibration point: 2 1 2.00 20.00 0
[2026-05-07 18:28:06]: start calibration point: 1 2 -297.00 102.00 0
[2026-05-07 18:28:06]: start calibration point: 2 2 -297.00 102.00 0
[2026-05-07 18:28:10]: start calibration point: 1 3 273.00 -183.00 0
[2026-05-07 18:28:10]: start calibration point: 2 3 273.00 -183.00 0
[2026-05-07 18:28:14]: compute calibration: 1 0
[2026-05-07 18:28:14]: compute calibration: 2 0
[2026-05-07 18:28:14]: compute calibration: 0
[2026-05-07 18:28:18]: start calibration: 3 0
[2026-05-07 18:28:18]: set default calibration L: 0 -640.000000 640.000000 -360.000000 360.000000
[2026-05-07 18:28:18]: set default calibration R: 0 -640.000000 640.000000 -360.000000 360.000000
[2026-05-07 18:28:24]: start calibration point: 1 1 -16.00 -29.00 0
[2026-05-07 18:28:24]: start calibration point: 2 1 -16.00 -29.00 0
[2026-05-07 18:28:33]: start calibration point: 1 2 -308.00 103.00 0
[2026-05-07 18:28:33]: start calibration point: 2 2 -308.00 103.00 0
[2026-05-07 18:28:38]: start calibration point: 1 3 246.00 -185.00 0
[2026-05-07 18:28:38]: start calibration point: 2 3 246.00 -185.00 0
[2026-05-07 18:28:41]: compute calibration: 1 0
[2026-05-07 18:28:41]: compute calibration: 2 0
[2026-05-07 18:28:41]: compute calibration: 0
[2026-05-07 18:28:56]: release: 0
