[error][D:\Works\Project\SDK_VS\Camera_UserKey\CameraLib\CameraDs.cpp:46][2026-05-07 17:59:52.937]: CameraDs::Init begin
[error][D:\Works\Project\SDK_VS\Camera_UserKey\CameraLib\CameraDs.cpp:67][2026-05-07 17:59:52.939]: CameraDs::Init 1
[error][D:\Works\Project\SDK_VS\Camera_UserKey\CameraLib\CameraDs.cpp:96][2026-05-07 17:59:52.939]: CameraDs::Init 2
[error][D:\Works\Project\SDK_VS\Camera_UserKey\CameraLib\CameraDs.cpp:165][2026-05-07 17:59:52.977]: CameraDs::Init 3
[error][D:\Works\Project\SDK_VS\Camera_UserKey\CameraLib\CameraDs.cpp:172][2026-05-07 17:59:52.977]: CameraDs::Init end
[error][D:\Works\Project\SDK_VS\Camera_UserKey\CameraLib\CameraDs.cpp:204][2026-05-07 17:59:52.977]: CameraDs::Run begin
[error][D:\Works\Project\SDK_VS\Camera_UserKey\CameraLib\CameraDs.cpp:1775][2026-05-07 17:59:52.977]: SetupFilterPin 14
[error][D:\Works\Project\SDK_VS\Camera_UserKey\CameraLib\CameraDs.cpp:1781][2026-05-07 17:59:52.979]: SetupFilterPin 15
[error][D:\Works\Project\SDK_VS\Camera_UserKey\CameraLib\CameraDs.cpp:306][2026-05-07 17:59:52.998]: CameraDs::Run 1
[error][D:\Works\Project\SDK_VS\Camera_UserKey\CameraLib\CameraDs.cpp:349][2026-05-07 17:59:53.067]: CameraDs::Run 2
[error][D:\Works\Project\SDK_VS\Camera_UserKey\CameraLib\DeviceCtrl\Extension.cpp:239][2026-05-07 17:59:53.067]: put_Property begin
[error][D:\Works\Project\SDK_VS\Camera_UserKey\CameraLib\DeviceCtrl\Extension.cpp:248][2026-05-07 17:59:53.068]: put_Property end
[error][D:\Works\Project\SDK_VS\Camera_UserKey\CameraLib\DeviceCtrl\Extension.cpp:239][2026-05-07 17:59:53.068]: put_Property begin
[error][D:\Works\Project\SDK_VS\Camera_UserKey\CameraLib\DeviceCtrl\Extension.cpp:248][2026-05-07 17:59:53.069]: put_Property end
[error][D:\Works\Project\SDK_VS\Camera_UserKey\CameraLib\DeviceCtrl\Extension.cpp:239][2026-05-07 17:59:53.070]: put_Property begin
[error][D:\Works\Project\SDK_VS\Camera_UserKey\CameraLib\DeviceCtrl\Extension.cpp:248][2026-05-07 17:59:53.070]: put_Property end
[error][D:\Works\Project\SDK_VS\Camera_UserKey\CameraLib\DeviceCtrl\Extension.cpp:239][2026-05-07 17:59:53.070]: put_Property begin
[error][D:\Works\Project\SDK_VS\Camera_UserKey\CameraLib\DeviceCtrl\Extension.cpp:248][2026-05-07 17:59:53.071]: put_Property end
[error][D:\Works\Project\SDK_VS\Camera_UserKey\CameraLib\CameraDs.cpp:358][2026-05-07 17:59:53.071]: CameraDs::Run end
[error][D:\Works\Project\SDK_VS\Camera_UserKey\CameraLib\CameraDs.cpp:718][2026-05-07 17:59:53.071]: CameraDs::SetBrightness begin
[error][D:\Works\Project\SDK_VS\Camera_UserKey\CameraLib\CameraCtrlVRPro.cpp:31][2026-05-07 17:59:53.071]: CameraCtrlVRPro::SetBrightness 1
[error][D:\Works\Project\SDK_VS\Camera_UserKey\CameraLib\DeviceCtrl\Extension.cpp:239][2026-05-07 17:59:53.071]: put_Property begin
[error][D:\Works\Project\SDK_VS\Camera_UserKey\CameraLib\DeviceCtrl\Extension.cpp:248][2026-05-07 17:59:53.072]: put_Property end
[error][D:\Works\Project\SDK_VS\Camera_UserKey\CameraLib\DeviceCtrl\Extension.cpp:239][2026-05-07 17:59:53.072]: put_Property begin
[error][D:\Works\Project\SDK_VS\Camera_UserKey\CameraLib\DeviceCtrl\Extension.cpp:248][2026-05-07 17:59:53.073]: put_Property end
[error][D:\Works\Project\SDK_VS\Camera_UserKey\CameraLib\DeviceCtrl\Extension.cpp:239][2026-05-07 17:59:53.073]: put_Property begin
[error][D:\Works\Project\SDK_VS\Camera_UserKey\CameraLib\DeviceCtrl\Extension.cpp:248][2026-05-07 17:59:53.074]: put_Property end
[error][D:\Works\Project\SDK_VS\Camera_UserKey\CameraLib\DeviceCtrl\Extension.cpp:239][2026-05-07 17:59:53.074]: put_Property begin
[error][D:\Works\Project\SDK_VS\Camera_UserKey\CameraLib\DeviceCtrl\Extension.cpp:248][2026-05-07 17:59:53.075]: put_Property end
[error][D:\Works\Project\SDK_VS\Camera_UserKey\CameraLib\DeviceCtrl\Extension.cpp:239][2026-05-07 17:59:53.075]: put_Property begin
[error][D:\Works\Project\SDK_VS\Camera_UserKey\CameraLib\DeviceCtrl\Extension.cpp:248][2026-05-07 17:59:53.076]: put_Property end
[error][D:\Works\Project\SDK_VS\Camera_UserKey\CameraLib\DeviceCtrl\Extension.cpp:239][2026-05-07 17:59:53.076]: put_Property begin
[error][D:\Works\Project\SDK_VS\Camera_UserKey\CameraLib\DeviceCtrl\Extension.cpp:248][2026-05-07 17:59:53.076]: put_Property end
[error][D:\Works\Project\SDK_VS\Camera_UserKey\CameraLib\DeviceCtrl\Extension.cpp:239][2026-05-07 17:59:53.077]: put_Property begin
[error][D:\Works\Project\SDK_VS\Camera_UserKey\CameraLib\DeviceCtrl\Extension.cpp:248][2026-05-07 17:59:53.077]: put_Property end
[error][D:\Works\Project\SDK_VS\Camera_UserKey\CameraLib\DeviceCtrl\Extension.cpp:239][2026-05-07 17:59:53.078]: put_Property begin
[error][D:\Works\Project\SDK_VS\Camera_UserKey\CameraLib\DeviceCtrl\Extension.cpp:248][2026-05-07 17:59:53.078]: put_Property end
[error][D:\Works\Project\SDK_VS\Camera_UserKey\CameraLib\CameraCtrlVRPro.cpp:34][2026-05-07 17:59:53.078]: CameraCtrlVRPro::SetBrightness 2
[error][D:\Works\Project\SDK_VS\Camera_UserKey\CameraLib\DeviceCtrl\Extension.cpp:239][2026-05-07 17:59:53.078]: put_Property begin
[error][D:\Works\Project\SDK_VS\Camera_UserKey\CameraLib\DeviceCtrl\Extension.cpp:248][2026-05-07 17:59:53.079]: put_Property end
[error][D:\Works\Project\SDK_VS\Camera_UserKey\CameraLib\DeviceCtrl\Extension.cpp:239][2026-05-07 17:59:53.079]: put_Property begin
[error][D:\Works\Project\SDK_VS\Camera_UserKey\CameraLib\DeviceCtrl\Extension.cpp:248][2026-05-07 17:59:53.080]: put_Property end
[error][D:\Works\Project\SDK_VS\Camera_UserKey\CameraLib\DeviceCtrl\Extension.cpp:239][2026-05-07 17:59:53.080]: put_Property begin
[error][D:\Works\Project\SDK_VS\Camera_UserKey\CameraLib\DeviceCtrl\Extension.cpp:248][2026-05-07 17:59:53.081]: put_Property end
[error][D:\Works\Project\SDK_VS\Camera_UserKey\CameraLib\DeviceCtrl\Extension.cpp:239][2026-05-07 17:59:53.081]: put_Property begin
[error][D:\Works\Project\SDK_VS\Camera_UserKey\CameraLib\DeviceCtrl\Extension.cpp:248][2026-05-07 17:59:53.082]: put_Property end
[error][D:\Works\Project\SDK_VS\Camera_UserKey\CameraLib\DeviceCtrl\Extension.cpp:239][2026-05-07 17:59:53.082]: put_Property begin
[error][D:\Works\Project\SDK_VS\Camera_UserKey\CameraLib\DeviceCtrl\Extension.cpp:248][2026-05-07 17:59:53.083]: put_Property end
[error][D:\Works\Project\SDK_VS\Camera_UserKey\CameraLib\DeviceCtrl\Extension.cpp:239][2026-05-07 17:59:53.083]: put_Property begin
[error][D:\Works\Project\SDK_VS\Camera_UserKey\CameraLib\DeviceCtrl\Extension.cpp:248][2026-05-07 17:59:53.084]: put_Property end
[error][D:\Works\Project\SDK_VS\Camera_UserKey\CameraLib\DeviceCtrl\Extension.cpp:239][2026-05-07 17:59:53.084]: put_Property begin
[error][D:\Works\Project\SDK_VS\Camera_UserKey\CameraLib\DeviceCtrl\Extension.cpp:248][2026-05-07 17:59:53.085]: put_Property end
[error][D:\Works\Project\SDK_VS\Camera_UserKey\CameraLib\DeviceCtrl\Extension.cpp:239][2026-05-07 17:59:53.085]: put_Property begin
[error][D:\Works\Project\SDK_VS\Camera_UserKey\CameraLib\DeviceCtrl\Extension.cpp:248][2026-05-07 17:59:53.086]: put_Property end
[error][D:\Works\Project\SDK_VS\Camera_UserKey\CameraLib\CameraCtrlVRPro.cpp:38][2026-05-07 17:59:53.086]: CameraCtrlVRPro::SetBrightness 3
[error][D:\Works\Project\SDK_VS\Camera_UserKey\CameraLib\CameraDs.cpp:720][2026-05-07 17:59:53.086]: CameraDs::SetBrightness end
[error][D:\Works\Project\SDK_VS\Camera_UserKey\CameraLib\CameraDs.cpp:946][2026-05-07 17:59:53.086]: CameraDs::SetExposure begin
[error][D:\Works\Project\SDK_VS\Camera_UserKey\CameraLib\DeviceCtrl\Extension.cpp:239][2026-05-07 17:59:53.086]: put_Property begin
[error][D:\Works\Project\SDK_VS\Camera_UserKey\CameraLib\DeviceCtrl\Extension.cpp:248][2026-05-07 17:59:53.087]: put_Property end
[error][D:\Works\Project\SDK_VS\Camera_UserKey\CameraLib\DeviceCtrl\Extension.cpp:239][2026-05-07 17:59:53.087]: put_Property begin
[error][D:\Works\Project\SDK_VS\Camera_UserKey\CameraLib\DeviceCtrl\Extension.cpp:248][2026-05-07 17:59:53.088]: put_Property end
[error][D:\Works\Project\SDK_VS\Camera_UserKey\CameraLib\DeviceCtrl\Extension.cpp:239][2026-05-07 17:59:53.088]: put_Property begin
[error][D:\Works\Project\SDK_VS\Camera_UserKey\CameraLib\DeviceCtrl\Extension.cpp:248][2026-05-07 17:59:53.089]: put_Property end
[error][D:\Works\Project\SDK_VS\Camera_UserKey\CameraLib\DeviceCtrl\Extension.cpp:239][2026-05-07 17:59:53.089]: put_Property begin
[error][D:\Works\Project\SDK_VS\Camera_UserKey\CameraLib\DeviceCtrl\Extension.cpp:248][2026-05-07 17:59:53.090]: put_Property end
[error][D:\Works\Project\SDK_VS\Camera_UserKey\CameraLib\DeviceCtrl\Extension.cpp:239][2026-05-07 17:59:53.090]: put_Property begin
[error][D:\Works\Project\SDK_VS\Camera_UserKey\CameraLib\DeviceCtrl\Extension.cpp:248][2026-05-07 17:59:53.090]: put_Property end
[error][D:\Works\Project\SDK_VS\Camera_UserKey\CameraLib\DeviceCtrl\Extension.cpp:239][2026-05-07 17:59:53.091]: put_Property begin
[error][D:\Works\Project\SDK_VS\Camera_UserKey\CameraLib\DeviceCtrl\Extension.cpp:248][2026-05-07 17:59:53.091]: put_Property end
[error][D:\Works\Project\SDK_VS\Camera_UserKey\CameraLib\DeviceCtrl\Extension.cpp:239][2026-05-07 17:59:53.092]: put_Property begin
[error][D:\Works\Project\SDK_VS\Camera_UserKey\CameraLib\DeviceCtrl\Extension.cpp:248][2026-05-07 17:59:53.092]: put_Property end
[error][D:\Works\Project\SDK_VS\Camera_UserKey\CameraLib\DeviceCtrl\Extension.cpp:239][2026-05-07 17:59:53.093]: put_Property begin
[error][D:\Works\Project\SDK_VS\Camera_UserKey\CameraLib\DeviceCtrl\Extension.cpp:248][2026-05-07 17:59:53.093]: put_Property end
[error][D:\Works\Project\SDK_VS\Camera_UserKey\CameraLib\DeviceCtrl\Extension.cpp:239][2026-05-07 17:59:53.094]: put_Property begin
[error][D:\Works\Project\SDK_VS\Camera_UserKey\CameraLib\DeviceCtrl\Extension.cpp:248][2026-05-07 17:59:53.094]: put_Property end
[error][D:\Works\Project\SDK_VS\Camera_UserKey\CameraLib\DeviceCtrl\Extension.cpp:239][2026-05-07 17:59:53.095]: put_Property begin
[error][D:\Works\Project\SDK_VS\Camera_UserKey\CameraLib\DeviceCtrl\Extension.cpp:248][2026-05-07 17:59:53.095]: put_Property end
[error][D:\Works\Project\SDK_VS\Camera_UserKey\CameraLib\DeviceCtrl\Extension.cpp:239][2026-05-07 17:59:53.096]: put_Property begin
[error][D:\Works\Project\SDK_VS\Camera_UserKey\CameraLib\DeviceCtrl\Extension.cpp:248][2026-05-07 17:59:53.096]: put_Property end
[error][D:\Works\Project\SDK_VS\Camera_UserKey\CameraLib\DeviceCtrl\Extension.cpp:239][2026-05-07 17:59:53.097]: put_Property begin
[error][D:\Works\Project\SDK_VS\Camera_UserKey\CameraLib\DeviceCtrl\Extension.cpp:248][2026-05-07 17:59:53.097]: put_Property end
[error][D:\Works\Project\SDK_VS\Camera_UserKey\CameraLib\DeviceCtrl\Extension.cpp:239][2026-05-07 17:59:53.098]: put_Property begin
[error][D:\Works\Project\SDK_VS\Camera_UserKey\CameraLib\DeviceCtrl\Extension.cpp:248][2026-05-07 17:59:53.098]: put_Property end
[error][D:\Works\Project\SDK_VS\Camera_UserKey\CameraLib\DeviceCtrl\Extension.cpp:239][2026-05-07 17:59:53.099]: put_Property begin
[error][D:\Works\Project\SDK_VS\Camera_UserKey\CameraLib\DeviceCtrl\Extension.cpp:248][2026-05-07 17:59:53.099]: put_Property end
[error][D:\Works\Project\SDK_VS\Camera_UserKey\CameraLib\DeviceCtrl\Extension.cpp:239][2026-05-07 17:59:53.100]: put_Property begin
[error][D:\Works\Project\SDK_VS\Camera_UserKey\CameraLib\DeviceCtrl\Extension.cpp:248][2026-05-07 17:59:53.100]: put_Property end
[error][D:\Works\Project\SDK_VS\Camera_UserKey\CameraLib\DeviceCtrl\Extension.cpp:239][2026-05-07 17:59:53.101]: put_Property begin
[error][D:\Works\Project\SDK_VS\Camera_UserKey\CameraLib\DeviceCtrl\Extension.cpp:248][2026-05-07 17:59:53.101]: put_Property end
[error][D:\Works\Project\SDK_VS\Camera_UserKey\CameraLib\DeviceCtrl\Extension.cpp:239][2026-05-07 17:59:53.102]: put_Property begin
[error][D:\Works\Project\SDK_VS\Camera_UserKey\CameraLib\DeviceCtrl\Extension.cpp:248][2026-05-07 17:59:53.102]: put_Property end
[error][D:\Works\Project\SDK_VS\Camera_UserKey\CameraLib\DeviceCtrl\Extension.cpp:239][2026-05-07 17:59:53.103]: put_Property begin
[error][D:\Works\Project\SDK_VS\Camera_UserKey\CameraLib\DeviceCtrl\Extension.cpp:248][2026-05-07 17:59:53.103]: put_Property end
[error][D:\Works\Project\SDK_VS\Camera_UserKey\CameraLib\DeviceCtrl\Extension.cpp:239][2026-05-07 17:59:53.104]: put_Property begin
[error][D:\Works\Project\SDK_VS\Camera_UserKey\CameraLib\DeviceCtrl\Extension.cpp:248][2026-05-07 17:59:53.104]: put_Property end
[error][D:\Works\Project\SDK_VS\Camera_UserKey\CameraLib\DeviceCtrl\Extension.cpp:239][2026-05-07 17:59:53.105]: put_Property begin
[error][D:\Works\Project\SDK_VS\Camera_UserKey\CameraLib\DeviceCtrl\Extension.cpp:248][2026-05-07 17:59:53.105]: put_Property end
[error][D:\Works\Project\SDK_VS\Camera_UserKey\CameraLib\DeviceCtrl\Extension.cpp:239][2026-05-07 17:59:53.105]: put_Property begin
[error][D:\Works\Project\SDK_VS\Camera_UserKey\CameraLib\DeviceCtrl\Extension.cpp:248][2026-05-07 17:59:53.106]: put_Property end
[error][D:\Works\Project\SDK_VS\Camera_UserKey\CameraLib\DeviceCtrl\Extension.cpp:239][2026-05-07 17:59:53.106]: put_Property begin
[error][D:\Works\Project\SDK_VS\Camera_UserKey\CameraLib\DeviceCtrl\Extension.cpp:248][2026-05-07 17:59:53.107]: put_Property end
[error][D:\Works\Project\SDK_VS\Camera_UserKey\CameraLib\DeviceCtrl\Extension.cpp:239][2026-05-07 17:59:53.107]: put_Property begin
[error][D:\Works\Project\SDK_VS\Camera_UserKey\CameraLib\DeviceCtrl\Extension.cpp:248][2026-05-07 17:59:53.108]: put_Property end
[error][D:\Works\Project\SDK_VS\Camera_UserKey\CameraLib\DeviceCtrl\Extension.cpp:239][2026-05-07 17:59:53.108]: put_Property begin
[error][D:\Works\Project\SDK_VS\Camera_UserKey\CameraLib\DeviceCtrl\Extension.cpp:248][2026-05-07 17:59:53.109]: put_Property end
[error][D:\Works\Project\SDK_VS\Camera_UserKey\CameraLib\CameraDs.cpp:948][2026-05-07 17:59:53.109]: CameraDs::SetExposure end
[error][D:\Works\Project\SDK_VS\Camera_UserKey\CameraLib\CameraDs.cpp:831][2026-05-07 17:59:53.109]: CameraDs::SetVideoGain begin
[error][D:\Works\Project\SDK_VS\Camera_UserKey\CameraLib\DeviceCtrl\Extension.cpp:239][2026-05-07 17:59:53.109]: put_Property begin
[error][D:\Works\Project\SDK_VS\Camera_UserKey\CameraLib\DeviceCtrl\Extension.cpp:248][2026-05-07 17:59:53.110]: put_Property end
[error][D:\Works\Project\SDK_VS\Camera_UserKey\CameraLib\DeviceCtrl\Extension.cpp:239][2026-05-07 17:59:53.110]: put_Property begin
[error][D:\Works\Project\SDK_VS\Camera_UserKey\CameraLib\DeviceCtrl\Extension.cpp:248][2026-05-07 17:59:53.110]: put_Property end
[error][D:\Works\Project\SDK_VS\Camera_UserKey\CameraLib\DeviceCtrl\Extension.cpp:239][2026-05-07 17:59:53.111]: put_Property begin
[error][D:\Works\Project\SDK_VS\Camera_UserKey\CameraLib\DeviceCtrl\Extension.cpp:248][2026-05-07 17:59:53.111]: put_Property end
[error][D:\Works\Project\SDK_VS\Camera_UserKey\CameraLib\DeviceCtrl\Extension.cpp:239][2026-05-07 17:59:53.112]: put_Property begin
[error][D:\Works\Project\SDK_VS\Camera_UserKey\CameraLib\DeviceCtrl\Extension.cpp:248][2026-05-07 17:59:53.112]: put_Property end
[error][D:\Works\Project\SDK_VS\Camera_UserKey\CameraLib\DeviceCtrl\Extension.cpp:239][2026-05-07 17:59:53.113]: put_Property begin
[error][D:\Works\Project\SDK_VS\Camera_UserKey\CameraLib\DeviceCtrl\Extension.cpp:248][2026-05-07 17:59:53.113]: put_Property end
[error][D:\Works\Project\SDK_VS\Camera_UserKey\CameraLib\DeviceCtrl\Extension.cpp:239][2026-05-07 17:59:53.114]: put_Property begin
[error][D:\Works\Project\SDK_VS\Camera_UserKey\CameraLib\DeviceCtrl\Extension.cpp:248][2026-05-07 17:59:53.115]: put_Property end
[error][D:\Works\Project\SDK_VS\Camera_UserKey\CameraLib\DeviceCtrl\Extension.cpp:239][2026-05-07 17:59:53.115]: put_Property begin
[error][D:\Works\Project\SDK_VS\Camera_UserKey\CameraLib\DeviceCtrl\Extension.cpp:248][2026-05-07 17:59:53.116]: put_Property end
[error][D:\Works\Project\SDK_VS\Camera_UserKey\CameraLib\DeviceCtrl\Extension.cpp:239][2026-05-07 17:59:53.116]: put_Property begin
[error][D:\Works\Project\SDK_VS\Camera_UserKey\CameraLib\DeviceCtrl\Extension.cpp:248][2026-05-07 17:59:53.117]: put_Property end
[error][D:\Works\Project\SDK_VS\Camera_UserKey\CameraLib\DeviceCtrl\Extension.cpp:239][2026-05-07 17:59:53.117]: put_Property begin
[error][D:\Works\Project\SDK_VS\Camera_UserKey\CameraLib\DeviceCtrl\Extension.cpp:248][2026-05-07 17:59:53.118]: put_Property end
[error][D:\Works\Project\SDK_VS\Camera_UserKey\CameraLib\DeviceCtrl\Extension.cpp:239][2026-05-07 17:59:53.119]: put_Property begin
[error][D:\Works\Project\SDK_VS\Camera_UserKey\CameraLib\DeviceCtrl\Extension.cpp:248][2026-05-07 17:59:53.119]: put_Property end
[error][D:\Works\Project\SDK_VS\Camera_UserKey\CameraLib\DeviceCtrl\Extension.cpp:239][2026-05-07 17:59:53.120]: put_Property begin
[error][D:\Works\Project\SDK_VS\Camera_UserKey\CameraLib\DeviceCtrl\Extension.cpp:248][2026-05-07 17:59:53.121]: put_Property end
[error][D:\Works\Project\SDK_VS\Camera_UserKey\CameraLib\DeviceCtrl\Extension.cpp:239][2026-05-07 17:59:53.121]: put_Property begin
[error][D:\Works\Project\SDK_VS\Camera_UserKey\CameraLib\DeviceCtrl\Extension.cpp:248][2026-05-07 17:59:53.122]: put_Property end
[error][D:\Works\Project\SDK_VS\Camera_UserKey\CameraLib\DeviceCtrl\Extension.cpp:239][2026-05-07 17:59:53.122]: put_Property begin
[error][D:\Works\Project\SDK_VS\Camera_UserKey\CameraLib\DeviceCtrl\Extension.cpp:248][2026-05-07 17:59:53.123]: put_Property end
[error][D:\Works\Project\SDK_VS\Camera_UserKey\CameraLib\DeviceCtrl\Extension.cpp:239][2026-05-07 17:59:53.123]: put_Property begin
[error][D:\Works\Project\SDK_VS\Camera_UserKey\CameraLib\DeviceCtrl\Extension.cpp:248][2026-05-07 17:59:53.124]: put_Property end
[error][D:\Works\Project\SDK_VS\Camera_UserKey\CameraLib\DeviceCtrl\Extension.cpp:239][2026-05-07 17:59:53.125]: put_Property begin
[error][D:\Works\Project\SDK_VS\Camera_UserKey\CameraLib\DeviceCtrl\Extension.cpp:248][2026-05-07 17:59:53.125]: put_Property end
[error][D:\Works\Project\SDK_VS\Camera_UserKey\CameraLib\DeviceCtrl\Extension.cpp:239][2026-05-07 17:59:53.126]: put_Property begin
[error][D:\Works\Project\SDK_VS\Camera_UserKey\CameraLib\DeviceCtrl\Extension.cpp:248][2026-05-07 17:59:53.126]: put_Property end
[error][D:\Works\Project\SDK_VS\Camera_UserKey\CameraLib\CameraDs.cpp:833][2026-05-07 17:59:53.127]: CameraDs::SetVideoGain end
[error][D:\Works\Project\SDK_VS\Camera_UserKey\CameraLib\DeviceCtrl\Extension.cpp:239][2026-05-07 17:59:53.127]: put_Property begin
[error][D:\Works\Project\SDK_VS\Camera_UserKey\CameraLib\DeviceCtrl\Extension.cpp:248][2026-05-07 17:59:53.127]: put_Property end
[error][D:\Works\Project\SDK_VS\Camera_UserKey\CameraLib\DeviceCtrl\Extension.cpp:239][2026-05-07 17:59:53.128]: put_Property begin
[error][D:\Works\Project\SDK_VS\Camera_UserKey\CameraLib\DeviceCtrl\Extension.cpp:248][2026-05-07 17:59:53.128]: put_Property end
[error][D:\Works\Project\SDK_VS\Camera_UserKey\CameraLib\DeviceCtrl\Extension.cpp:239][2026-05-07 17:59:53.129]: put_Property begin
[error][D:\Works\Project\SDK_VS\Camera_UserKey\CameraLib\DeviceCtrl\Extension.cpp:248][2026-05-07 17:59:53.129]: put_Property end
[error][D:\Works\Project\SDK_VS\Camera_UserKey\CameraLib\DeviceCtrl\Extension.cpp:239][2026-05-07 17:59:53.130]: put_Property begin
[error][D:\Works\Project\SDK_VS\Camera_UserKey\CameraLib\DeviceCtrl\Extension.cpp:248][2026-05-07 17:59:53.130]: put_Property end
[error][D:\Works\Project\SDK_VS\Camera_UserKey\CameraLib\DeviceCtrl\Extension.cpp:239][2026-05-07 17:59:53.131]: put_Property begin
[error][D:\Works\Project\SDK_VS\Camera_UserKey\CameraLib\DeviceCtrl\Extension.cpp:248][2026-05-07 17:59:53.132]: put_Property end
[error][D:\Works\Project\SDK_VS\Camera_UserKey\CameraLib\DeviceCtrl\Extension.cpp:239][2026-05-07 17:59:53.133]: put_Property begin
[error][D:\Works\Project\SDK_VS\Camera_UserKey\CameraLib\DeviceCtrl\Extension.cpp:248][2026-05-07 17:59:53.134]: put_Property end
[error][D:\Works\Project\SDK_VS\Camera_UserKey\CameraLib\DeviceCtrl\Extension.cpp:239][2026-05-07 17:59:53.134]: put_Property begin
[error][D:\Works\Project\SDK_VS\Camera_UserKey\CameraLib\DeviceCtrl\Extension.cpp:248][2026-05-07 17:59:53.135]: put_Property end
[error][D:\Works\Project\SDK_VS\Camera_UserKey\CameraLib\DeviceCtrl\Extension.cpp:239][2026-05-07 17:59:53.135]: put_Property begin
[error][D:\Works\Project\SDK_VS\Camera_UserKey\CameraLib\DeviceCtrl\Extension.cpp:248][2026-05-07 17:59:53.136]: put_Property end
[error][D:\Works\Project\SDK_VS\Camera_UserKey\CameraLib\DeviceCtrl\Extension.cpp:239][2026-05-07 17:59:53.136]: put_Property begin
[error][D:\Works\Project\SDK_VS\Camera_UserKey\CameraLib\DeviceCtrl\Extension.cpp:248][2026-05-07 17:59:53.136]: put_Property end
[error][D:\Works\Project\SDK_VS\Camera_UserKey\CameraLib\DeviceCtrl\Extension.cpp:239][2026-05-07 17:59:53.137]: put_Property begin
[error][D:\Works\Project\SDK_VS\Camera_UserKey\CameraLib\DeviceCtrl\Extension.cpp:248][2026-05-07 17:59:53.137]: put_Property end
[error][D:\Works\Project\SDK_VS\Camera_UserKey\CameraLib\DeviceCtrl\Extension.cpp:239][2026-05-07 17:59:53.138]: put_Property begin
[error][D:\Works\Project\SDK_VS\Camera_UserKey\CameraLib\DeviceCtrl\Extension.cpp:248][2026-05-07 17:59:53.138]: put_Property end
[error][D:\Works\Project\SDK_VS\Camera_UserKey\CameraLib\DeviceCtrl\Extension.cpp:239][2026-05-07 17:59:53.139]: put_Property begin
[error][D:\Works\Project\SDK_VS\Camera_UserKey\CameraLib\DeviceCtrl\Extension.cpp:248][2026-05-07 17:59:53.139]: put_Property end
[error][D:\Works\Project\SDK_VS\Camera_UserKey\CameraLib\DeviceCtrl\Extension.cpp:239][2026-05-07 17:59:53.139]: put_Property begin
[error][D:\Works\Project\SDK_VS\Camera_UserKey\CameraLib\DeviceCtrl\Extension.cpp:248][2026-05-07 17:59:53.140]: put_Property end
[error][D:\Works\Project\SDK_VS\Camera_UserKey\CameraLib\DeviceCtrl\Extension.cpp:239][2026-05-07 17:59:53.140]: put_Property begin
[error][D:\Works\Project\SDK_VS\Camera_UserKey\CameraLib\DeviceCtrl\Extension.cpp:248][2026-05-07 17:59:53.141]: put_Property end
[error][D:\Works\Project\SDK_VS\Camera_UserKey\CameraLib\DeviceCtrl\Extension.cpp:239][2026-05-07 17:59:53.141]: put_Property begin
[error][D:\Works\Project\SDK_VS\Camera_UserKey\CameraLib\DeviceCtrl\Extension.cpp:248][2026-05-07 17:59:53.141]: put_Property end
[error][D:\Works\Project\SDK_VS\Camera_UserKey\CameraLib\DeviceCtrl\Extension.cpp:239][2026-05-07 17:59:53.142]: put_Property begin
[error][D:\Works\Project\SDK_VS\Camera_UserKey\CameraLib\DeviceCtrl\Extension.cpp:248][2026-05-07 17:59:53.142]: put_Property end
[error][D:\Works\Project\SDK_VS\Camera_UserKey\CameraLib\DeviceCtrl\Extension.cpp:239][2026-05-07 17:59:53.143]: put_Property begin
[error][D:\Works\Project\SDK_VS\Camera_UserKey\CameraLib\DeviceCtrl\Extension.cpp:248][2026-05-07 17:59:53.143]: put_Property end
[error][D:\Works\Project\SDK_VS\Camera_UserKey\CameraLib\DeviceCtrl\Extension.cpp:239][2026-05-07 17:59:53.143]: put_Property begin
[error][D:\Works\Project\SDK_VS\Camera_UserKey\CameraLib\DeviceCtrl\Extension.cpp:248][2026-05-07 17:59:53.144]: put_Property end
[error][D:\Works\Project\SDK_VS\Camera_UserKey\CameraLib\DeviceCtrl\Extension.cpp:239][2026-05-07 17:59:53.144]: put_Property begin
[error][D:\Works\Project\SDK_VS\Camera_UserKey\CameraLib\DeviceCtrl\Extension.cpp:248][2026-05-07 17:59:53.145]: put_Property end
[error][D:\Works\Project\SDK_VS\Camera_UserKey\CameraLib\DeviceCtrl\Extension.cpp:239][2026-05-07 17:59:53.145]: put_Property begin
[error][D:\Works\Project\SDK_VS\Camera_UserKey\CameraLib\DeviceCtrl\Extension.cpp:248][2026-05-07 17:59:53.145]: put_Property end
[error][D:\Works\Project\SDK_VS\Camera_UserKey\CameraLib\DeviceCtrl\Extension.cpp:239][2026-05-07 17:59:53.146]: put_Property begin
[error][D:\Works\Project\SDK_VS\Camera_UserKey\CameraLib\DeviceCtrl\Extension.cpp:248][2026-05-07 17:59:53.146]: put_Property end
[error][D:\Works\Project\SDK_VS\Camera_UserKey\CameraLib\DeviceCtrl\Extension.cpp:239][2026-05-07 17:59:53.147]: put_Property begin
[error][D:\Works\Project\SDK_VS\Camera_UserKey\CameraLib\DeviceCtrl\Extension.cpp:248][2026-05-07 17:59:53.147]: put_Property end
[error][D:\Works\Project\SDK_VS\Camera_UserKey\CameraLib\DeviceCtrl\Extension.cpp:239][2026-05-07 17:59:53.148]: put_Property begin
[error][D:\Works\Project\SDK_VS\Camera_UserKey\CameraLib\DeviceCtrl\Extension.cpp:248][2026-05-07 17:59:53.148]: put_Property end
[error][D:\Works\Project\SDK_VS\Camera_UserKey\CameraLib\DeviceCtrl\Extension.cpp:239][2026-05-07 17:59:53.149]: put_Property begin
[error][D:\Works\Project\SDK_VS\Camera_UserKey\CameraLib\DeviceCtrl\Extension.cpp:248][2026-05-07 17:59:53.149]: put_Property end
[error][D:\Works\Project\SDK_VS\Camera_UserKey\CameraLib\DeviceCtrl\Extension.cpp:239][2026-05-07 17:59:53.150]: put_Property begin
[error][D:\Works\Project\SDK_VS\Camera_UserKey\CameraLib\DeviceCtrl\Extension.cpp:248][2026-05-07 17:59:53.150]: put_Property end
[error][D:\Works\Project\SDK_VS\Camera_UserKey\CameraLib\DeviceCtrl\Extension.cpp:239][2026-05-07 17:59:53.150]: put_Property begin
[error][D:\Works\Project\SDK_VS\Camera_UserKey\CameraLib\DeviceCtrl\Extension.cpp:248][2026-05-07 17:59:53.151]: put_Property end
[error][D:\Works\Project\SDK_VS\Camera_UserKey\CameraLib\DeviceCtrl\Extension.cpp:239][2026-05-07 17:59:53.151]: put_Property begin
[error][D:\Works\Project\SDK_VS\Camera_UserKey\CameraLib\DeviceCtrl\Extension.cpp:248][2026-05-07 17:59:53.152]: put_Property end
[error][D:\Works\Project\SDK_VS\Camera_UserKey\CameraLib\DeviceCtrl\Extension.cpp:239][2026-05-07 17:59:53.152]: put_Property begin
[error][D:\Works\Project\SDK_VS\Camera_UserKey\CameraLib\DeviceCtrl\Extension.cpp:248][2026-05-07 17:59:53.152]: put_Property end
[error][D:\Works\Project\SDK_VS\Camera_UserKey\CameraLib\DeviceCtrl\Extension.cpp:239][2026-05-07 17:59:53.153]: put_Property begin
[error][D:\Works\Project\SDK_VS\Camera_UserKey\CameraLib\DeviceCtrl\Extension.cpp:248][2026-05-07 17:59:53.153]: put_Property end
[error][D:\Works\Project\SDK_VS\Camera_UserKey\CameraLib\DeviceCtrl\Extension.cpp:239][2026-05-07 17:59:53.153]: put_Property begin
[error][D:\Works\Project\SDK_VS\Camera_UserKey\CameraLib\DeviceCtrl\Extension.cpp:248][2026-05-07 17:59:53.154]: put_Property end
[error][D:\Works\Project\SDK_VS\Camera_UserKey\CameraLib\DeviceCtrl\Extension.cpp:239][2026-05-07 17:59:53.154]: put_Property begin
[error][D:\Works\Project\SDK_VS\Camera_UserKey\CameraLib\DeviceCtrl\Extension.cpp:248][2026-05-07 17:59:53.155]: put_Property end
[error][D:\Works\Project\SDK_VS\Camera_UserKey\CameraLib\DeviceCtrl\Extension.cpp:239][2026-05-07 17:59:53.155]: put_Property begin
[error][D:\Works\Project\SDK_VS\Camera_UserKey\CameraLib\DeviceCtrl\Extension.cpp:248][2026-05-07 17:59:53.155]: put_Property end
[error][D:\Works\Project\SDK_VS\Camera_UserKey\CameraLib\DeviceCtrl\Extension.cpp:239][2026-05-07 17:59:53.156]: put_Property begin
[error][D:\Works\Project\SDK_VS\Camera_UserKey\CameraLib\DeviceCtrl\Extension.cpp:248][2026-05-07 17:59:53.156]: put_Property end
[error][D:\Works\Project\SDK_VS\Camera_UserKey\CameraLib\DeviceCtrl\Extension.cpp:239][2026-05-07 17:59:53.156]: put_Property begin
[error][D:\Works\Project\SDK_VS\Camera_UserKey\CameraLib\DeviceCtrl\Extension.cpp:248][2026-05-07 17:59:53.157]: put_Property end
[error][D:\Works\Project\SDK_VS\Camera_UserKey\CameraLib\DeviceCtrl\Extension.cpp:239][2026-05-07 17:59:53.157]: put_Property begin
[error][D:\Works\Project\SDK_VS\Camera_UserKey\CameraLib\DeviceCtrl\Extension.cpp:248][2026-05-07 17:59:53.158]: put_Property end
[error][D:\Works\Project\SDK_VS\Camera_UserKey\CameraLib\DeviceCtrl\Extension.cpp:239][2026-05-07 17:59:53.158]: put_Property begin
[error][D:\Works\Project\SDK_VS\Camera_UserKey\CameraLib\DeviceCtrl\Extension.cpp:248][2026-05-07 17:59:53.159]: put_Property end
[error][D:\Works\Project\SDK_VS\Camera_UserKey\CameraLib\DeviceCtrl\Extension.cpp:239][2026-05-07 17:59:53.159]: put_Property begin
[error][D:\Works\Project\SDK_VS\Camera_UserKey\CameraLib\DeviceCtrl\Extension.cpp:248][2026-05-07 17:59:53.159]: put_Property end
[error][D:\Works\Project\SDK_VS\Camera_UserKey\CameraLib\DeviceCtrl\Extension.cpp:239][2026-05-07 17:59:53.160]: put_Property begin
[error][D:\Works\Project\SDK_VS\Camera_UserKey\CameraLib\DeviceCtrl\Extension.cpp:248][2026-05-07 17:59:53.160]: put_Property end
[error][D:\Works\Project\SDK_VS\Camera_UserKey\CameraLib\DeviceCtrl\Extension.cpp:239][2026-05-07 17:59:53.161]: put_Property begin
[error][D:\Works\Project\SDK_VS\Camera_UserKey\CameraLib\DeviceCtrl\Extension.cpp:248][2026-05-07 17:59:53.161]: put_Property end
[error][D:\Works\Project\SDK_VS\Camera_UserKey\CameraLib\DeviceCtrl\Extension.cpp:239][2026-05-07 17:59:53.161]: put_Property begin
[error][D:\Works\Project\SDK_VS\Camera_UserKey\CameraLib\DeviceCtrl\Extension.cpp:248][2026-05-07 17:59:53.162]: put_Property end
[error][D:\Works\Project\SDK_VS\Camera_UserKey\CameraLib\DeviceCtrl\Extension.cpp:239][2026-05-07 17:59:53.162]: put_Property begin
[error][D:\Works\Project\SDK_VS\Camera_UserKey\CameraLib\DeviceCtrl\Extension.cpp:248][2026-05-07 17:59:53.163]: put_Property end
[error][D:\Works\Project\SDK_VS\Camera_UserKey\CameraLib\DeviceCtrl\Extension.cpp:239][2026-05-07 17:59:53.163]: put_Property begin
[error][D:\Works\Project\SDK_VS\Camera_UserKey\CameraLib\DeviceCtrl\Extension.cpp:248][2026-05-07 17:59:53.164]: put_Property end
[error][D:\Works\Project\SDK_VS\Camera_UserKey\CameraLib\DeviceCtrl\Extension.cpp:239][2026-05-07 17:59:53.164]: put_Property begin
[error][D:\Works\Project\SDK_VS\Camera_UserKey\CameraLib\DeviceCtrl\Extension.cpp:248][2026-05-07 17:59:53.165]: put_Property end
[error][D:\Works\Project\SDK_VS\Camera_UserKey\CameraLib\DeviceCtrl\Extension.cpp:239][2026-05-07 17:59:53.165]: put_Property begin
[error][D:\Works\Project\SDK_VS\Camera_UserKey\CameraLib\DeviceCtrl\Extension.cpp:248][2026-05-07 17:59:53.166]: put_Property end
[error][D:\Works\Project\SDK_VS\Camera_UserKey\CameraLib\DeviceCtrl\Extension.cpp:239][2026-05-07 17:59:53.166]: put_Property begin
[error][D:\Works\Project\SDK_VS\Camera_UserKey\CameraLib\DeviceCtrl\Extension.cpp:248][2026-05-07 17:59:53.166]: put_Property end
[error][D:\Works\Project\SDK_VS\Camera_UserKey\CameraLib\DeviceCtrl\Extension.cpp:239][2026-05-07 17:59:53.167]: put_Property begin
[error][D:\Works\Project\SDK_VS\Camera_UserKey\CameraLib\DeviceCtrl\Extension.cpp:248][2026-05-07 17:59:53.167]: put_Property end
[error][D:\Works\Project\SDK_VS\Camera_UserKey\CameraLib\DeviceCtrl\Extension.cpp:239][2026-05-07 17:59:53.167]: put_Property begin
[error][D:\Works\Project\SDK_VS\Camera_UserKey\CameraLib\DeviceCtrl\Extension.cpp:248][2026-05-07 17:59:53.168]: put_Property end
[error][D:\Works\Project\SDK_VS\Camera_UserKey\CameraLib\DeviceCtrl\Extension.cpp:239][2026-05-07 17:59:53.168]: put_Property begin
[error][D:\Works\Project\SDK_VS\Camera_UserKey\CameraLib\DeviceCtrl\Extension.cpp:248][2026-05-07 17:59:53.169]: put_Property end
[error][D:\Works\Project\SDK_VS\Camera_UserKey\CameraLib\DeviceCtrl\Extension.cpp:239][2026-05-07 17:59:53.169]: put_Property begin
[error][D:\Works\Project\SDK_VS\Camera_UserKey\CameraLib\DeviceCtrl\Extension.cpp:248][2026-05-07 17:59:53.169]: put_Property end
[error][D:\Works\Project\SDK_VS\Camera_UserKey\CameraLib\DeviceCtrl\Extension.cpp:239][2026-05-07 17:59:53.170]: put_Property begin
[error][D:\Works\Project\SDK_VS\Camera_UserKey\CameraLib\DeviceCtrl\Extension.cpp:248][2026-05-07 17:59:53.170]: put_Property end
[error][D:\Works\Project\SDK_VS\Camera_UserKey\CameraLib\DeviceCtrl\Extension.cpp:239][2026-05-07 17:59:53.170]: put_Property begin
[error][D:\Works\Project\SDK_VS\Camera_UserKey\CameraLib\DeviceCtrl\Extension.cpp:248][2026-05-07 17:59:53.171]: put_Property end
[error][D:\Works\Project\SDK_VS\Camera_UserKey\CameraLib\DeviceCtrl\Extension.cpp:239][2026-05-07 17:59:53.171]: put_Property begin
[error][D:\Works\Project\SDK_VS\Camera_UserKey\CameraLib\DeviceCtrl\Extension.cpp:248][2026-05-07 17:59:53.172]: put_Property end
[error][D:\Works\Project\SDK_VS\Camera_UserKey\CameraLib\DeviceCtrl\Extension.cpp:239][2026-05-07 17:59:53.172]: put_Property begin
[error][D:\Works\Project\SDK_VS\Camera_UserKey\CameraLib\DeviceCtrl\Extension.cpp:248][2026-05-07 17:59:53.172]: put_Property end
[error][D:\Works\Project\SDK_VS\Camera_UserKey\CameraLib\DeviceCtrl\Extension.cpp:239][2026-05-07 17:59:53.173]: put_Property begin
[error][D:\Works\Project\SDK_VS\Camera_UserKey\CameraLib\DeviceCtrl\Extension.cpp:248][2026-05-07 17:59:53.173]: put_Property end
[error][D:\Works\Project\SDK_VS\Camera_UserKey\CameraLib\DeviceCtrl\Extension.cpp:239][2026-05-07 17:59:53.173]: put_Property begin
[error][D:\Works\Project\SDK_VS\Camera_UserKey\CameraLib\DeviceCtrl\Extension.cpp:248][2026-05-07 17:59:53.174]: put_Property end
[error][D:\Works\Project\SDK_VS\Camera_UserKey\CameraLib\DeviceCtrl\Extension.cpp:239][2026-05-07 17:59:53.174]: put_Property begin
[error][D:\Works\Project\SDK_VS\Camera_UserKey\CameraLib\DeviceCtrl\Extension.cpp:248][2026-05-07 17:59:53.175]: put_Property end
[error][D:\Works\Project\SDK_VS\Camera_UserKey\CameraLib\DeviceCtrl\Extension.cpp:239][2026-05-07 17:59:53.175]: put_Property begin
[error][D:\Works\Project\SDK_VS\Camera_UserKey\CameraLib\DeviceCtrl\Extension.cpp:248][2026-05-07 17:59:53.176]: put_Property end
[error][D:\Works\Project\SDK_VS\Camera_UserKey\CameraLib\DeviceCtrl\Extension.cpp:239][2026-05-07 17:59:53.176]: put_Property begin
[error][D:\Works\Project\SDK_VS\Camera_UserKey\CameraLib\DeviceCtrl\Extension.cpp:248][2026-05-07 17:59:53.176]: put_Property end
[error][D:\Works\Project\SDK_VS\Camera_UserKey\CameraLib\DeviceCtrl\Extension.cpp:239][2026-05-07 17:59:53.177]: put_Property begin
[error][D:\Works\Project\SDK_VS\Camera_UserKey\CameraLib\DeviceCtrl\Extension.cpp:248][2026-05-07 17:59:53.177]: put_Property end
[error][D:\Works\Project\SDK_VS\Camera_UserKey\CameraLib\DeviceCtrl\Extension.cpp:239][2026-05-07 17:59:53.178]: put_Property begin
[error][D:\Works\Project\SDK_VS\Camera_UserKey\CameraLib\DeviceCtrl\Extension.cpp:248][2026-05-07 17:59:53.178]: put_Property end
[error][D:\Works\Project\SDK_VS\Camera_UserKey\CameraLib\DeviceCtrl\Extension.cpp:239][2026-05-07 17:59:53.178]: put_Property begin
[error][D:\Works\Project\SDK_VS\Camera_UserKey\CameraLib\DeviceCtrl\Extension.cpp:248][2026-05-07 17:59:53.179]: put_Property end
[error][D:\Works\Project\SDK_VS\Camera_UserKey\CameraLib\DeviceCtrl\Extension.cpp:239][2026-05-07 17:59:53.180]: put_Property begin
[error][D:\Works\Project\SDK_VS\Camera_UserKey\CameraLib\DeviceCtrl\Extension.cpp:248][2026-05-07 17:59:53.180]: put_Property end
[error][D:\Works\Project\SDK_VS\Camera_UserKey\CameraLib\DeviceCtrl\Extension.cpp:239][2026-05-07 17:59:53.181]: put_Property begin
[error][D:\Works\Project\SDK_VS\Camera_UserKey\CameraLib\DeviceCtrl\Extension.cpp:248][2026-05-07 17:59:53.181]: put_Property end
[error][D:\Works\Project\SDK_VS\Camera_UserKey\CameraLib\DeviceCtrl\Extension.cpp:239][2026-05-07 17:59:53.181]: put_Property begin
[error][D:\Works\Project\SDK_VS\Camera_UserKey\CameraLib\DeviceCtrl\Extension.cpp:248][2026-05-07 17:59:53.182]: put_Property end
[error][D:\Works\Project\SDK_VS\Camera_UserKey\CameraLib\DeviceCtrl\Extension.cpp:239][2026-05-07 17:59:53.182]: put_Property begin
[error][D:\Works\Project\SDK_VS\Camera_UserKey\CameraLib\DeviceCtrl\Extension.cpp:248][2026-05-07 17:59:53.183]: put_Property end
[error][D:\Works\Project\SDK_VS\Camera_UserKey\CameraLib\DeviceCtrl\Extension.cpp:239][2026-05-07 17:59:53.183]: put_Property begin
[error][D:\Works\Project\SDK_VS\Camera_UserKey\CameraLib\DeviceCtrl\Extension.cpp:248][2026-05-07 17:59:53.183]: put_Property end
[error][D:\Works\Project\SDK_VS\Camera_UserKey\CameraLib\DeviceCtrl\Extension.cpp:239][2026-05-07 17:59:53.184]: put_Property begin
[error][D:\Works\Project\SDK_VS\Camera_UserKey\CameraLib\DeviceCtrl\Extension.cpp:248][2026-05-07 17:59:53.184]: put_Property end
[error][D:\Works\Project\SDK_VS\Camera_UserKey\CameraLib\DeviceCtrl\Extension.cpp:239][2026-05-07 17:59:53.184]: put_Property begin
[error][D:\Works\Project\SDK_VS\Camera_UserKey\CameraLib\DeviceCtrl\Extension.cpp:248][2026-05-07 17:59:53.185]: put_Property end
[error][D:\Works\Project\SDK_VS\Camera_UserKey\CameraLib\DeviceCtrl\Extension.cpp:239][2026-05-07 17:59:53.185]: put_Property begin
[error][D:\Works\Project\SDK_VS\Camera_UserKey\CameraLib\DeviceCtrl\Extension.cpp:248][2026-05-07 17:59:53.186]: put_Property end
[error][D:\Works\Project\SDK_VS\Camera_UserKey\CameraLib\DeviceCtrl\Extension.cpp:239][2026-05-07 17:59:53.186]: put_Property begin
[error][D:\Works\Project\SDK_VS\Camera_UserKey\CameraLib\DeviceCtrl\Extension.cpp:248][2026-05-07 17:59:53.186]: put_Property end
[error][D:\Works\Project\SDK_VS\Camera_UserKey\CameraLib\DeviceCtrl\Extension.cpp:239][2026-05-07 17:59:53.187]: put_Property begin
[error][D:\Works\Project\SDK_VS\Camera_UserKey\CameraLib\DeviceCtrl\Extension.cpp:248][2026-05-07 17:59:53.187]: put_Property end
[error][D:\Works\Project\SDK_VS\Camera_UserKey\CameraLib\DeviceCtrl\Extension.cpp:239][2026-05-07 17:59:53.188]: put_Property begin
[error][D:\Works\Project\SDK_VS\Camera_UserKey\CameraLib\DeviceCtrl\Extension.cpp:248][2026-05-07 17:59:53.188]: put_Property end
[error][D:\Works\Project\SDK_VS\Camera_UserKey\CameraLib\DeviceCtrl\Extension.cpp:239][2026-05-07 17:59:53.188]: put_Property begin
[error][D:\Works\Project\SDK_VS\Camera_UserKey\CameraLib\DeviceCtrl\Extension.cpp:248][2026-05-07 17:59:53.189]: put_Property end
[error][D:\Works\Project\SDK_VS\Camera_UserKey\CameraLib\DeviceCtrl\Extension.cpp:239][2026-05-07 17:59:53.189]: put_Property begin
[error][D:\Works\Project\SDK_VS\Camera_UserKey\CameraLib\DeviceCtrl\Extension.cpp:248][2026-05-07 17:59:53.190]: put_Property end
[error][D:\Works\Project\SDK_VS\Camera_UserKey\CameraLib\DeviceCtrl\Extension.cpp:239][2026-05-07 17:59:53.190]: put_Property begin
[error][D:\Works\Project\SDK_VS\Camera_UserKey\CameraLib\DeviceCtrl\Extension.cpp:248][2026-05-07 17:59:53.190]: put_Property end
[error][D:\Works\Project\SDK_VS\Camera_UserKey\CameraLib\DeviceCtrl\Extension.cpp:239][2026-05-07 17:59:53.191]: put_Property begin
[error][D:\Works\Project\SDK_VS\Camera_UserKey\CameraLib\DeviceCtrl\Extension.cpp:248][2026-05-07 17:59:53.191]: put_Property end
[error][D:\Works\Project\SDK_VS\Camera_UserKey\CameraLib\DeviceCtrl\Extension.cpp:239][2026-05-07 17:59:53.191]: put_Property begin
[error][D:\Works\Project\SDK_VS\Camera_UserKey\CameraLib\DeviceCtrl\Extension.cpp:248][2026-05-07 17:59:53.192]: put_Property end
[error][D:\Works\Project\SDK_VS\Camera_UserKey\CameraLib\DeviceCtrl\Extension.cpp:239][2026-05-07 17:59:53.192]: put_Property begin
[error][D:\Works\Project\SDK_VS\Camera_UserKey\CameraLib\DeviceCtrl\Extension.cpp:248][2026-05-07 17:59:53.193]: put_Property end
[error][D:\Works\Project\SDK_VS\Camera_UserKey\CameraLib\DeviceCtrl\Extension.cpp:239][2026-05-07 17:59:53.193]: put_Property begin
[error][D:\Works\Project\SDK_VS\Camera_UserKey\CameraLib\DeviceCtrl\Extension.cpp:248][2026-05-07 17:59:53.194]: put_Property end
[error][D:\Works\Project\SDK_VS\Camera_UserKey\CameraLib\DeviceCtrl\Extension.cpp:239][2026-05-07 17:59:53.194]: put_Property begin
[error][D:\Works\Project\SDK_VS\Camera_UserKey\CameraLib\DeviceCtrl\Extension.cpp:248][2026-05-07 17:59:53.195]: put_Property end
[error][D:\Works\Project\SDK_VS\Camera_UserKey\CameraLib\DeviceCtrl\Extension.cpp:239][2026-05-07 17:59:53.195]: put_Property begin
[error][D:\Works\Project\SDK_VS\Camera_UserKey\CameraLib\DeviceCtrl\Extension.cpp:248][2026-05-07 17:59:53.196]: put_Property end
[error][D:\Works\Project\SDK_VS\Camera_UserKey\CameraLib\DeviceCtrl\Extension.cpp:239][2026-05-07 17:59:53.197]: put_Property begin
[error][D:\Works\Project\SDK_VS\Camera_UserKey\CameraLib\DeviceCtrl\Extension.cpp:248][2026-05-07 17:59:53.197]: put_Property end
[error][D:\Works\Project\SDK_VS\Camera_UserKey\CameraLib\DeviceCtrl\Extension.cpp:239][2026-05-07 17:59:53.197]: put_Property begin
[error][D:\Works\Project\SDK_VS\Camera_UserKey\CameraLib\DeviceCtrl\Extension.cpp:248][2026-05-07 17:59:53.198]: put_Property end
[error][D:\Works\Project\SDK_VS\Camera_UserKey\CameraLib\DeviceCtrl\Extension.cpp:239][2026-05-07 17:59:53.198]: put_Property begin
[error][D:\Works\Project\SDK_VS\Camera_UserKey\CameraLib\DeviceCtrl\Extension.cpp:248][2026-05-07 17:59:53.199]: put_Property end
[error][D:\Works\Project\SDK_VS\Camera_UserKey\CameraLib\DeviceCtrl\Extension.cpp:239][2026-05-07 17:59:53.199]: put_Property begin
[error][D:\Works\Project\SDK_VS\Camera_UserKey\CameraLib\DeviceCtrl\Extension.cpp:248][2026-05-07 17:59:53.200]: put_Property end
[error][D:\Works\Project\SDK_VS\Camera_UserKey\CameraLib\DeviceCtrl\Extension.cpp:239][2026-05-07 17:59:53.200]: put_Property begin
[error][D:\Works\Project\SDK_VS\Camera_UserKey\CameraLib\DeviceCtrl\Extension.cpp:248][2026-05-07 17:59:53.200]: put_Property end
[error][D:\Works\Project\SDK_VS\Camera_UserKey\CameraLib\DeviceCtrl\Extension.cpp:239][2026-05-07 17:59:53.201]: put_Property begin
[error][D:\Works\Project\SDK_VS\Camera_UserKey\CameraLib\DeviceCtrl\Extension.cpp:248][2026-05-07 17:59:53.201]: put_Property end
[error][D:\Works\Project\SDK_VS\Camera_UserKey\CameraLib\DeviceCtrl\Extension.cpp:239][2026-05-07 17:59:53.201]: put_Property begin
[error][D:\Works\Project\SDK_VS\Camera_UserKey\CameraLib\DeviceCtrl\Extension.cpp:248][2026-05-07 17:59:53.202]: put_Property end
[error][D:\Works\Project\SDK_VS\Camera_UserKey\CameraLib\DeviceCtrl\Extension.cpp:239][2026-05-07 17:59:53.202]: put_Property begin
[error][D:\Works\Project\SDK_VS\Camera_UserKey\CameraLib\DeviceCtrl\Extension.cpp:248][2026-05-07 17:59:53.203]: put_Property end
[error][D:\Works\Project\SDK_VS\Camera_UserKey\CameraLib\DeviceCtrl\Extension.cpp:239][2026-05-07 17:59:53.203]: put_Property begin
[error][D:\Works\Project\SDK_VS\Camera_UserKey\CameraLib\DeviceCtrl\Extension.cpp:248][2026-05-07 17:59:53.203]: put_Property end
[error][D:\Works\Project\SDK_VS\Camera_UserKey\CameraLib\DeviceCtrl\Extension.cpp:239][2026-05-07 17:59:53.204]: put_Property begin
[error][D:\Works\Project\SDK_VS\Camera_UserKey\CameraLib\DeviceCtrl\Extension.cpp:248][2026-05-07 17:59:53.204]: put_Property end
[error][D:\Works\Project\SDK_VS\Camera_UserKey\CameraLib\DeviceCtrl\Extension.cpp:239][2026-05-07 17:59:53.204]: put_Property begin
[error][D:\Works\Project\SDK_VS\Camera_UserKey\CameraLib\DeviceCtrl\Extension.cpp:248][2026-05-07 17:59:53.205]: put_Property end
[error][D:\Works\Project\SDK_VS\Camera_UserKey\CameraLib\DeviceCtrl\Extension.cpp:239][2026-05-07 17:59:53.205]: put_Property begin
[error][D:\Works\Project\SDK_VS\Camera_UserKey\CameraLib\DeviceCtrl\Extension.cpp:248][2026-05-07 17:59:53.206]: put_Property end
[error][D:\Works\Project\SDK_VS\Camera_UserKey\CameraLib\DeviceCtrl\Extension.cpp:239][2026-05-07 17:59:53.206]: put_Property begin
[error][D:\Works\Project\SDK_VS\Camera_UserKey\CameraLib\DeviceCtrl\Extension.cpp:248][2026-05-07 17:59:53.206]: put_Property end
[error][D:\Works\Project\SDK_VS\Camera_UserKey\CameraLib\DeviceCtrl\Extension.cpp:239][2026-05-07 17:59:53.207]: put_Property begin
[error][D:\Works\Project\SDK_VS\Camera_UserKey\CameraLib\DeviceCtrl\Extension.cpp:248][2026-05-07 17:59:53.207]: put_Property end
[error][D:\Works\Project\SDK_VS\Camera_UserKey\CameraLib\DeviceCtrl\Extension.cpp:239][2026-05-07 17:59:53.208]: put_Property begin
[error][D:\Works\Project\SDK_VS\Camera_UserKey\CameraLib\DeviceCtrl\Extension.cpp:248][2026-05-07 17:59:53.208]: put_Property end
[error][D:\Works\Project\SDK_VS\Camera_UserKey\CameraLib\DeviceCtrl\Extension.cpp:239][2026-05-07 17:59:53.208]: put_Property begin
[error][D:\Works\Project\SDK_VS\Camera_UserKey\CameraLib\DeviceCtrl\Extension.cpp:248][2026-05-07 17:59:53.209]: put_Property end
[error][D:\Works\Project\SDK_VS\Camera_UserKey\CameraLib\DeviceCtrl\Extension.cpp:239][2026-05-07 17:59:53.209]: put_Property begin
[error][D:\Works\Project\SDK_VS\Camera_UserKey\CameraLib\DeviceCtrl\Extension.cpp:248][2026-05-07 17:59:53.210]: put_Property end
[error][D:\Works\Project\SDK_VS\Camera_UserKey\CameraLib\DeviceCtrl\Extension.cpp:239][2026-05-07 17:59:53.210]: put_Property begin
[error][D:\Works\Project\SDK_VS\Camera_UserKey\CameraLib\DeviceCtrl\Extension.cpp:248][2026-05-07 17:59:53.211]: put_Property end
[error][D:\Works\Project\SDK_VS\Camera_UserKey\CameraLib\DeviceCtrl\Extension.cpp:239][2026-05-07 17:59:53.211]: put_Property begin
[error][D:\Works\Project\SDK_VS\Camera_UserKey\CameraLib\DeviceCtrl\Extension.cpp:248][2026-05-07 17:59:53.212]: put_Property end
[error][D:\Works\Project\SDK_VS\Camera_UserKey\CameraLib\DeviceCtrl\Extension.cpp:239][2026-05-07 17:59:53.212]: put_Property begin
[error][D:\Works\Project\SDK_VS\Camera_UserKey\CameraLib\DeviceCtrl\Extension.cpp:248][2026-05-07 17:59:53.213]: put_Property end
[error][D:\Works\Project\SDK_VS\Camera_UserKey\CameraLib\DeviceCtrl\Extension.cpp:239][2026-05-07 17:59:53.213]: put_Property begin
[error][D:\Works\Project\SDK_VS\Camera_UserKey\CameraLib\DeviceCtrl\Extension.cpp:248][2026-05-07 17:59:53.213]: put_Property end
[error][D:\Works\Project\SDK_VS\Camera_UserKey\CameraLib\DeviceCtrl\Extension.cpp:239][2026-05-07 17:59:53.214]: put_Property begin
[error][D:\Works\Project\SDK_VS\Camera_UserKey\CameraLib\DeviceCtrl\Extension.cpp:248][2026-05-07 17:59:53.214]: put_Property end
[error][D:\Works\Project\SDK_VS\Camera_UserKey\CameraLib\DeviceCtrl\Extension.cpp:239][2026-05-07 17:59:53.214]: put_Property begin
[error][D:\Works\Project\SDK_VS\Camera_UserKey\CameraLib\DeviceCtrl\Extension.cpp:248][2026-05-07 17:59:53.215]: put_Property end
[error][D:\Works\Project\SDK_VS\Camera_UserKey\CameraLib\DeviceCtrl\Extension.cpp:239][2026-05-07 17:59:53.215]: put_Property begin
[error][D:\Works\Project\SDK_VS\Camera_UserKey\CameraLib\DeviceCtrl\Extension.cpp:248][2026-05-07 17:59:53.216]: put_Property end
[error][D:\Works\Project\SDK_VS\Camera_UserKey\CameraLib\DeviceCtrl\Extension.cpp:239][2026-05-07 17:59:53.216]: put_Property begin
[error][D:\Works\Project\SDK_VS\Camera_UserKey\CameraLib\DeviceCtrl\Extension.cpp:248][2026-05-07 17:59:53.217]: put_Property end
[error][D:\Works\Project\SDK_VS\Camera_UserKey\CameraLib\DeviceCtrl\Extension.cpp:239][2026-05-07 17:59:53.217]: put_Property begin
[error][D:\Works\Project\SDK_VS\Camera_UserKey\CameraLib\DeviceCtrl\Extension.cpp:248][2026-05-07 17:59:53.218]: put_Property end
[error][D:\Works\Project\SDK_VS\Camera_UserKey\CameraLib\DeviceCtrl\Extension.cpp:239][2026-05-07 17:59:53.218]: put_Property begin
[error][D:\Works\Project\SDK_VS\Camera_UserKey\CameraLib\DeviceCtrl\Extension.cpp:248][2026-05-07 17:59:53.218]: put_Property end
[error][D:\Works\Project\SDK_VS\Camera_UserKey\CameraLib\DeviceCtrl\Extension.cpp:239][2026-05-07 17:59:53.219]: put_Property begin
[error][D:\Works\Project\SDK_VS\Camera_UserKey\CameraLib\DeviceCtrl\Extension.cpp:248][2026-05-07 17:59:53.219]: put_Property end
[error][D:\Works\Project\SDK_VS\Camera_UserKey\CameraLib\DeviceCtrl\Extension.cpp:239][2026-05-07 17:59:53.219]: put_Property begin
[error][D:\Works\Project\SDK_VS\Camera_UserKey\CameraLib\DeviceCtrl\Extension.cpp:248][2026-05-07 17:59:53.220]: put_Property end
[error][D:\Works\Project\SDK_VS\Camera_UserKey\CameraLib\DeviceCtrl\Extension.cpp:239][2026-05-07 17:59:53.220]: put_Property begin
[error][D:\Works\Project\SDK_VS\Camera_UserKey\CameraLib\DeviceCtrl\Extension.cpp:248][2026-05-07 17:59:53.221]: put_Property end
[error][D:\Works\Project\SDK_VS\Camera_UserKey\CameraLib\DeviceCtrl\Extension.cpp:239][2026-05-07 17:59:53.221]: put_Property begin
[error][D:\Works\Project\SDK_VS\Camera_UserKey\CameraLib\DeviceCtrl\Extension.cpp:248][2026-05-07 17:59:53.221]: put_Property end
[error][D:\Works\Project\SDK_VS\Camera_UserKey\CameraLib\DeviceCtrl\Extension.cpp:239][2026-05-07 17:59:53.222]: put_Property begin
[error][D:\Works\Project\SDK_VS\Camera_UserKey\CameraLib\DeviceCtrl\Extension.cpp:248][2026-05-07 17:59:53.222]: put_Property end
[error][D:\Works\Project\SDK_VS\Camera_UserKey\CameraLib\DeviceCtrl\Extension.cpp:239][2026-05-07 17:59:53.222]: put_Property begin
[error][D:\Works\Project\SDK_VS\Camera_UserKey\CameraLib\DeviceCtrl\Extension.cpp:248][2026-05-07 17:59:53.223]: put_Property end
[error][D:\Works\Project\SDK_VS\Camera_UserKey\CameraLib\DeviceCtrl\Extension.cpp:239][2026-05-07 17:59:53.223]: put_Property begin
[error][D:\Works\Project\SDK_VS\Camera_UserKey\CameraLib\DeviceCtrl\Extension.cpp:248][2026-05-07 17:59:53.224]: put_Property end
[error][D:\Works\Project\SDK_VS\Camera_UserKey\CameraLib\DeviceCtrl\Extension.cpp:239][2026-05-07 17:59:53.224]: put_Property begin
[error][D:\Works\Project\SDK_VS\Camera_UserKey\CameraLib\DeviceCtrl\Extension.cpp:248][2026-05-07 17:59:53.225]: put_Property end
[error][D:\Works\Project\SDK_VS\Camera_UserKey\CameraLib\DeviceCtrl\Extension.cpp:239][2026-05-07 17:59:53.225]: put_Property begin
[error][D:\Works\Project\SDK_VS\Camera_UserKey\CameraLib\DeviceCtrl\Extension.cpp:248][2026-05-07 17:59:53.226]: put_Property end
[error][D:\Works\Project\SDK_VS\Camera_UserKey\CameraLib\DeviceCtrl\Extension.cpp:239][2026-05-07 17:59:53.226]: put_Property begin
[error][D:\Works\Project\SDK_VS\Camera_UserKey\CameraLib\DeviceCtrl\Extension.cpp:248][2026-05-07 17:59:53.227]: put_Property end
[error][D:\Works\Project\SDK_VS\Camera_UserKey\CameraLib\DeviceCtrl\Extension.cpp:239][2026-05-07 17:59:53.227]: put_Property begin
[error][D:\Works\Project\SDK_VS\Camera_UserKey\CameraLib\DeviceCtrl\Extension.cpp:248][2026-05-07 17:59:53.228]: put_Property end
[error][D:\Works\Project\SDK_VS\Camera_UserKey\CameraLib\DeviceCtrl\Extension.cpp:239][2026-05-07 17:59:53.228]: put_Property begin
[error][D:\Works\Project\SDK_VS\Camera_UserKey\CameraLib\DeviceCtrl\Extension.cpp:248][2026-05-07 17:59:53.229]: put_Property end
[error][D:\Works\Project\SDK_VS\Camera_UserKey\CameraLib\DeviceCtrl\Extension.cpp:239][2026-05-07 17:59:53.229]: put_Property begin
[error][D:\Works\Project\SDK_VS\Camera_UserKey\CameraLib\DeviceCtrl\Extension.cpp:248][2026-05-07 17:59:53.230]: put_Property end
[error][D:\Works\Project\SDK_VS\Camera_UserKey\CameraLib\DeviceCtrl\Extension.cpp:239][2026-05-07 17:59:53.230]: put_Property begin
[error][D:\Works\Project\SDK_VS\Camera_UserKey\CameraLib\DeviceCtrl\Extension.cpp:248][2026-05-07 17:59:53.231]: put_Property end
[error][D:\Works\Project\SDK_VS\Camera_UserKey\CameraLib\DeviceCtrl\Extension.cpp:239][2026-05-07 17:59:53.231]: put_Property begin
[error][D:\Works\Project\SDK_VS\Camera_UserKey\CameraLib\DeviceCtrl\Extension.cpp:248][2026-05-07 17:59:53.231]: put_Property end
[error][D:\Works\Project\SDK_VS\Camera_UserKey\CameraLib\DeviceCtrl\Extension.cpp:239][2026-05-07 17:59:53.232]: put_Property begin
[error][D:\Works\Project\SDK_VS\Camera_UserKey\CameraLib\DeviceCtrl\Extension.cpp:248][2026-05-07 17:59:53.232]: put_Property end
[error][D:\Works\Project\SDK_VS\Camera_UserKey\CameraLib\DeviceCtrl\Extension.cpp:239][2026-05-07 17:59:53.233]: put_Property begin
[error][D:\Works\Project\SDK_VS\Camera_UserKey\CameraLib\DeviceCtrl\Extension.cpp:248][2026-05-07 17:59:53.233]: put_Property end
[error][D:\Works\Project\SDK_VS\Camera_UserKey\CameraLib\DeviceCtrl\Extension.cpp:239][2026-05-07 17:59:53.233]: put_Property begin
[error][D:\Works\Project\SDK_VS\Camera_UserKey\CameraLib\DeviceCtrl\Extension.cpp:248][2026-05-07 17:59:53.234]: put_Property end
[error][D:\Works\Project\SDK_VS\Camera_UserKey\CameraLib\DeviceCtrl\Extension.cpp:239][2026-05-07 17:59:53.234]: put_Property begin
[error][D:\Works\Project\SDK_VS\Camera_UserKey\CameraLib\DeviceCtrl\Extension.cpp:248][2026-05-07 17:59:53.235]: put_Property end
[error][D:\Works\Project\SDK_VS\Camera_UserKey\CameraLib\DeviceCtrl\Extension.cpp:239][2026-05-07 17:59:53.235]: put_Property begin
[error][D:\Works\Project\SDK_VS\Camera_UserKey\CameraLib\DeviceCtrl\Extension.cpp:248][2026-05-07 17:59:53.236]: put_Property end
[error][D:\Works\Project\SDK_VS\Camera_UserKey\CameraLib\DeviceCtrl\Extension.cpp:239][2026-05-07 17:59:53.236]: put_Property begin
[error][D:\Works\Project\SDK_VS\Camera_UserKey\CameraLib\DeviceCtrl\Extension.cpp:248][2026-05-07 17:59:53.237]: put_Property end
[error][D:\Works\Project\SDK_VS\Camera_UserKey\CameraLib\DeviceCtrl\Extension.cpp:239][2026-05-07 17:59:53.237]: put_Property begin
[error][D:\Works\Project\SDK_VS\Camera_UserKey\CameraLib\DeviceCtrl\Extension.cpp:248][2026-05-07 17:59:53.237]: put_Property end
[error][D:\Works\Project\SDK_VS\Camera_UserKey\CameraLib\DeviceCtrl\Extension.cpp:239][2026-05-07 17:59:53.238]: put_Property begin
[error][D:\Works\Project\SDK_VS\Camera_UserKey\CameraLib\DeviceCtrl\Extension.cpp:248][2026-05-07 17:59:53.238]: put_Property end
[error][D:\Works\Project\SDK_VS\Camera_UserKey\CameraLib\CameraDs.cpp:1000][2026-05-07 17:59:53.238]: CameraDs::SetExposure begin
[error][D:\Works\Project\SDK_VS\Camera_UserKey\CameraLib\DeviceCtrl\Extension.cpp:239][2026-05-07 17:59:53.238]: put_Property begin
[error][D:\Works\Project\SDK_VS\Camera_UserKey\CameraLib\DeviceCtrl\Extension.cpp:248][2026-05-07 17:59:53.239]: put_Property end
[error][D:\Works\Project\SDK_VS\Camera_UserKey\CameraLib\DeviceCtrl\Extension.cpp:239][2026-05-07 17:59:53.239]: put_Property begin
[error][D:\Works\Project\SDK_VS\Camera_UserKey\CameraLib\DeviceCtrl\Extension.cpp:248][2026-05-07 17:59:53.240]: put_Property end
[error][D:\Works\Project\SDK_VS\Camera_UserKey\CameraLib\DeviceCtrl\Extension.cpp:239][2026-05-07 17:59:53.240]: put_Property begin
[error][D:\Works\Project\SDK_VS\Camera_UserKey\CameraLib\DeviceCtrl\Extension.cpp:248][2026-05-07 17:59:53.241]: put_Property end
[error][D:\Works\Project\SDK_VS\Camera_UserKey\CameraLib\DeviceCtrl\Extension.cpp:239][2026-05-07 17:59:53.242]: put_Property begin
[error][D:\Works\Project\SDK_VS\Camera_UserKey\CameraLib\DeviceCtrl\Extension.cpp:248][2026-05-07 17:59:53.242]: put_Property end
[error][D:\Works\Project\SDK_VS\Camera_UserKey\CameraLib\DeviceCtrl\Extension.cpp:239][2026-05-07 17:59:53.242]: put_Property begin
[error][D:\Works\Project\SDK_VS\Camera_UserKey\CameraLib\DeviceCtrl\Extension.cpp:248][2026-05-07 17:59:53.243]: put_Property end
[error][D:\Works\Project\SDK_VS\Camera_UserKey\CameraLib\DeviceCtrl\Extension.cpp:239][2026-05-07 17:59:53.244]: put_Property begin
[error][D:\Works\Project\SDK_VS\Camera_UserKey\CameraLib\DeviceCtrl\Extension.cpp:248][2026-05-07 17:59:53.244]: put_Property end
[error][D:\Works\Project\SDK_VS\Camera_UserKey\CameraLib\DeviceCtrl\Extension.cpp:239][2026-05-07 17:59:53.245]: put_Property begin
[error][D:\Works\Project\SDK_VS\Camera_UserKey\CameraLib\DeviceCtrl\Extension.cpp:248][2026-05-07 17:59:53.245]: put_Property end
[error][D:\Works\Project\SDK_VS\Camera_UserKey\CameraLib\DeviceCtrl\Extension.cpp:239][2026-05-07 17:59:53.246]: put_Property begin
[error][D:\Works\Project\SDK_VS\Camera_UserKey\CameraLib\DeviceCtrl\Extension.cpp:248][2026-05-07 17:59:53.246]: put_Property end
[error][D:\Works\Project\SDK_VS\Camera_UserKey\CameraLib\DeviceCtrl\Extension.cpp:239][2026-05-07 17:59:53.247]: put_Property begin
[error][D:\Works\Project\SDK_VS\Camera_UserKey\CameraLib\DeviceCtrl\Extension.cpp:248][2026-05-07 17:59:53.248]: put_Property end
[error][D:\Works\Project\SDK_VS\Camera_UserKey\CameraLib\DeviceCtrl\Extension.cpp:239][2026-05-07 17:59:53.248]: put_Property begin
[error][D:\Works\Project\SDK_VS\Camera_UserKey\CameraLib\DeviceCtrl\Extension.cpp:248][2026-05-07 17:59:53.249]: put_Property end
[error][D:\Works\Project\SDK_VS\Camera_UserKey\CameraLib\DeviceCtrl\Extension.cpp:239][2026-05-07 17:59:53.249]: put_Property begin
[error][D:\Works\Project\SDK_VS\Camera_UserKey\CameraLib\DeviceCtrl\Extension.cpp:248][2026-05-07 17:59:53.249]: put_Property end
[error][D:\Works\Project\SDK_VS\Camera_UserKey\CameraLib\DeviceCtrl\Extension.cpp:239][2026-05-07 17:59:53.250]: put_Property begin
[error][D:\Works\Project\SDK_VS\Camera_UserKey\CameraLib\DeviceCtrl\Extension.cpp:248][2026-05-07 17:59:53.250]: put_Property end
[error][D:\Works\Project\SDK_VS\Camera_UserKey\CameraLib\CameraDs.cpp:1002][2026-05-07 17:59:53.251]: CameraDs::SetExposure end
[error][D:\Works\Project\SDK_VS\Camera_UserKey\CameraLib\CameraDs.cpp:1000][2026-05-07 17:59:53.266]: CameraDs::SetExposure begin
[error][D:\Works\Project\SDK_VS\Camera_UserKey\CameraLib\DeviceCtrl\Extension.cpp:239][2026-05-07 17:59:53.266]: put_Property begin
[error][D:\Works\Project\SDK_VS\Camera_UserKey\CameraLib\DeviceCtrl\Extension.cpp:248][2026-05-07 17:59:53.267]: put_Property end
[error][D:\Works\Project\SDK_VS\Camera_UserKey\CameraLib\DeviceCtrl\Extension.cpp:239][2026-05-07 17:59:53.268]: put_Property begin
[error][D:\Works\Project\SDK_VS\Camera_UserKey\CameraLib\DeviceCtrl\Extension.cpp:248][2026-05-07 17:59:53.269]: put_Property end
[error][D:\Works\Project\SDK_VS\Camera_UserKey\CameraLib\DeviceCtrl\Extension.cpp:239][2026-05-07 17:59:53.269]: put_Property begin
[error][D:\Works\Project\SDK_VS\Camera_UserKey\CameraLib\DeviceCtrl\Extension.cpp:248][2026-05-07 17:59:53.270]: put_Property end
[error][D:\Works\Project\SDK_VS\Camera_UserKey\CameraLib\DeviceCtrl\Extension.cpp:239][2026-05-07 17:59:53.270]: put_Property begin
[error][D:\Works\Project\SDK_VS\Camera_UserKey\CameraLib\DeviceCtrl\Extension.cpp:248][2026-05-07 17:59:53.271]: put_Property end
[error][D:\Works\Project\SDK_VS\Camera_UserKey\CameraLib\DeviceCtrl\Extension.cpp:239][2026-05-07 17:59:53.271]: put_Property begin
[error][D:\Works\Project\SDK_VS\Camera_UserKey\CameraLib\DeviceCtrl\Extension.cpp:248][2026-05-07 17:59:53.272]: put_Property end
[error][D:\Works\Project\SDK_VS\Camera_UserKey\CameraLib\DeviceCtrl\Extension.cpp:239][2026-05-07 17:59:53.272]: put_Property begin
[error][D:\Works\Project\SDK_VS\Camera_UserKey\CameraLib\DeviceCtrl\Extension.cpp:248][2026-05-07 17:59:53.273]: put_Property end
[error][D:\Works\Project\SDK_VS\Camera_UserKey\CameraLib\DeviceCtrl\Extension.cpp:239][2026-05-07 17:59:53.273]: put_Property begin
[error][D:\Works\Project\SDK_VS\Camera_UserKey\CameraLib\DeviceCtrl\Extension.cpp:248][2026-05-07 17:59:53.274]: put_Property end
[error][D:\Works\Project\SDK_VS\Camera_UserKey\CameraLib\DeviceCtrl\Extension.cpp:239][2026-05-07 17:59:53.274]: put_Property begin
[error][D:\Works\Project\SDK_VS\Camera_UserKey\CameraLib\DeviceCtrl\Extension.cpp:248][2026-05-07 17:59:53.275]: put_Property end
[error][D:\Works\Project\SDK_VS\Camera_UserKey\CameraLib\DeviceCtrl\Extension.cpp:239][2026-05-07 17:59:53.275]: put_Property begin
[error][D:\Works\Project\SDK_VS\Camera_UserKey\CameraLib\DeviceCtrl\Extension.cpp:248][2026-05-07 17:59:53.276]: put_Property end
[error][D:\Works\Project\SDK_VS\Camera_UserKey\CameraLib\DeviceCtrl\Extension.cpp:239][2026-05-07 17:59:53.276]: put_Property begin
[error][D:\Works\Project\SDK_VS\Camera_UserKey\CameraLib\DeviceCtrl\Extension.cpp:248][2026-05-07 17:59:53.277]: put_Property end
[error][D:\Works\Project\SDK_VS\Camera_UserKey\CameraLib\DeviceCtrl\Extension.cpp:239][2026-05-07 17:59:53.278]: put_Property begin
[error][D:\Works\Project\SDK_VS\Camera_UserKey\CameraLib\DeviceCtrl\Extension.cpp:248][2026-05-07 17:59:53.278]: put_Property end
[error][D:\Works\Project\SDK_VS\Camera_UserKey\CameraLib\DeviceCtrl\Extension.cpp:239][2026-05-07 17:59:53.279]: put_Property begin
[error][D:\Works\Project\SDK_VS\Camera_UserKey\CameraLib\DeviceCtrl\Extension.cpp:248][2026-05-07 17:59:53.279]: put_Property end
[error][D:\Works\Project\SDK_VS\Camera_UserKey\CameraLib\CameraDs.cpp:1002][2026-05-07 17:59:53.280]: CameraDs::SetExposure end
[error][D:\Works\Project\SDK_VS\Camera_UserKey\CameraLib\CameraDs.cpp:1000][2026-05-07 17:59:53.280]: CameraDs::SetExposure begin
[error][D:\Works\Project\SDK_VS\Camera_UserKey\CameraLib\DeviceCtrl\Extension.cpp:239][2026-05-07 17:59:53.280]: put_Property begin
[error][D:\Works\Project\SDK_VS\Camera_UserKey\CameraLib\DeviceCtrl\Extension.cpp:248][2026-05-07 17:59:53.281]: put_Property end
[error][D:\Works\Project\SDK_VS\Camera_UserKey\CameraLib\DeviceCtrl\Extension.cpp:239][2026-05-07 17:59:53.281]: put_Property begin
[error][D:\Works\Project\SDK_VS\Camera_UserKey\CameraLib\DeviceCtrl\Extension.cpp:248][2026-05-07 17:59:53.282]: put_Property end
[error][D:\Works\Project\SDK_VS\Camera_UserKey\CameraLib\DeviceCtrl\Extension.cpp:239][2026-05-07 17:59:53.282]: put_Property begin
[error][D:\Works\Project\SDK_VS\Camera_UserKey\CameraLib\DeviceCtrl\Extension.cpp:248][2026-05-07 17:59:53.283]: put_Property end
[error][D:\Works\Project\SDK_VS\Camera_UserKey\CameraLib\DeviceCtrl\Extension.cpp:239][2026-05-07 17:59:53.283]: put_Property begin
[error][D:\Works\Project\SDK_VS\Camera_UserKey\CameraLib\DeviceCtrl\Extension.cpp:248][2026-05-07 17:59:53.284]: put_Property end
[error][D:\Works\Project\SDK_VS\Camera_UserKey\CameraLib\DeviceCtrl\Extension.cpp:239][2026-05-07 17:59:53.284]: put_Property begin
[error][D:\Works\Project\SDK_VS\Camera_UserKey\CameraLib\DeviceCtrl\Extension.cpp:248][2026-05-07 17:59:53.285]: put_Property end
[error][D:\Works\Project\SDK_VS\Camera_UserKey\CameraLib\DeviceCtrl\Extension.cpp:239][2026-05-07 17:59:53.285]: put_Property begin
[error][D:\Works\Project\SDK_VS\Camera_UserKey\CameraLib\DeviceCtrl\Extension.cpp:248][2026-05-07 17:59:53.286]: put_Property end
[error][D:\Works\Project\SDK_VS\Camera_UserKey\CameraLib\DeviceCtrl\Extension.cpp:239][2026-05-07 17:59:53.286]: put_Property begin
[error][D:\Works\Project\SDK_VS\Camera_UserKey\CameraLib\DeviceCtrl\Extension.cpp:248][2026-05-07 17:59:53.288]: put_Property end
[error][D:\Works\Project\SDK_VS\Camera_UserKey\CameraLib\DeviceCtrl\Extension.cpp:239][2026-05-07 17:59:53.289]: put_Property begin
[error][D:\Works\Project\SDK_VS\Camera_UserKey\CameraLib\DeviceCtrl\Extension.cpp:248][2026-05-07 17:59:53.290]: put_Property end
[error][D:\Works\Project\SDK_VS\Camera_UserKey\CameraLib\DeviceCtrl\Extension.cpp:239][2026-05-07 17:59:53.290]: put_Property begin
[error][D:\Works\Project\SDK_VS\Camera_UserKey\CameraLib\DeviceCtrl\Extension.cpp:248][2026-05-07 17:59:53.291]: put_Property end
[error][D:\Works\Project\SDK_VS\Camera_UserKey\CameraLib\DeviceCtrl\Extension.cpp:239][2026-05-07 17:59:53.291]: put_Property begin
[error][D:\Works\Project\SDK_VS\Camera_UserKey\CameraLib\DeviceCtrl\Extension.cpp:248][2026-05-07 17:59:53.292]: put_Property end
[error][D:\Works\Project\SDK_VS\Camera_UserKey\CameraLib\DeviceCtrl\Extension.cpp:239][2026-05-07 17:59:53.293]: put_Property begin
[error][D:\Works\Project\SDK_VS\Camera_UserKey\CameraLib\DeviceCtrl\Extension.cpp:248][2026-05-07 17:59:53.293]: put_Property end
[error][D:\Works\Project\SDK_VS\Camera_UserKey\CameraLib\DeviceCtrl\Extension.cpp:239][2026-05-07 17:59:53.294]: put_Property begin
[error][D:\Works\Project\SDK_VS\Camera_UserKey\CameraLib\DeviceCtrl\Extension.cpp:248][2026-05-07 17:59:53.294]: put_Property end
[error][D:\Works\Project\SDK_VS\Camera_UserKey\CameraLib\CameraDs.cpp:1002][2026-05-07 17:59:53.295]: CameraDs::SetExposure end
[error][D:\Works\Project\SDK_VS\Camera_UserKey\CameraLib\CameraDs.cpp:1000][2026-05-07 17:59:53.305]: CameraDs::SetExposure begin
[error][D:\Works\Project\SDK_VS\Camera_UserKey\CameraLib\DeviceCtrl\Extension.cpp:239][2026-05-07 17:59:53.305]: put_Property begin
[error][D:\Works\Project\SDK_VS\Camera_UserKey\CameraLib\DeviceCtrl\Extension.cpp:248][2026-05-07 17:59:53.306]: put_Property end
[error][D:\Works\Project\SDK_VS\Camera_UserKey\CameraLib\DeviceCtrl\Extension.cpp:239][2026-05-07 17:59:53.306]: put_Property begin
[error][D:\Works\Project\SDK_VS\Camera_UserKey\CameraLib\DeviceCtrl\Extension.cpp:248][2026-05-07 17:59:53.307]: put_Property end
[error][D:\Works\Project\SDK_VS\Camera_UserKey\CameraLib\DeviceCtrl\Extension.cpp:239][2026-05-07 17:59:53.307]: put_Property begin
[error][D:\Works\Project\SDK_VS\Camera_UserKey\CameraLib\DeviceCtrl\Extension.cpp:248][2026-05-07 17:59:53.308]: put_Property end
[error][D:\Works\Project\SDK_VS\Camera_UserKey\CameraLib\DeviceCtrl\Extension.cpp:239][2026-05-07 17:59:53.308]: put_Property begin
[error][D:\Works\Project\SDK_VS\Camera_UserKey\CameraLib\DeviceCtrl\Extension.cpp:248][2026-05-07 17:59:53.309]: put_Property end
[error][D:\Works\Project\SDK_VS\Camera_UserKey\CameraLib\DeviceCtrl\Extension.cpp:239][2026-05-07 17:59:53.309]: put_Property begin
[error][D:\Works\Project\SDK_VS\Camera_UserKey\CameraLib\DeviceCtrl\Extension.cpp:248][2026-05-07 17:59:53.310]: put_Property end
[error][D:\Works\Project\SDK_VS\Camera_UserKey\CameraLib\DeviceCtrl\Extension.cpp:239][2026-05-07 17:59:53.311]: put_Property begin
[error][D:\Works\Project\SDK_VS\Camera_UserKey\CameraLib\DeviceCtrl\Extension.cpp:248][2026-05-07 17:59:53.311]: put_Property end
[error][D:\Works\Project\SDK_VS\Camera_UserKey\CameraLib\DeviceCtrl\Extension.cpp:239][2026-05-07 17:59:53.312]: put_Property begin
[error][D:\Works\Project\SDK_VS\Camera_UserKey\CameraLib\DeviceCtrl\Extension.cpp:248][2026-05-07 17:59:53.312]: put_Property end
[error][D:\Works\Project\SDK_VS\Camera_UserKey\CameraLib\DeviceCtrl\Extension.cpp:239][2026-05-07 17:59:53.313]: put_Property begin
[error][D:\Works\Project\SDK_VS\Camera_UserKey\CameraLib\DeviceCtrl\Extension.cpp:248][2026-05-07 17:59:53.313]: put_Property end
[error][D:\Works\Project\SDK_VS\Camera_UserKey\CameraLib\DeviceCtrl\Extension.cpp:239][2026-05-07 17:59:53.314]: put_Property begin
[error][D:\Works\Project\SDK_VS\Camera_UserKey\CameraLib\DeviceCtrl\Extension.cpp:248][2026-05-07 17:59:53.314]: put_Property end
[error][D:\Works\Project\SDK_VS\Camera_UserKey\CameraLib\DeviceCtrl\Extension.cpp:239][2026-05-07 17:59:53.315]: put_Property begin
[error][D:\Works\Project\SDK_VS\Camera_UserKey\CameraLib\DeviceCtrl\Extension.cpp:248][2026-05-07 17:59:53.316]: put_Property end
[error][D:\Works\Project\SDK_VS\Camera_UserKey\CameraLib\DeviceCtrl\Extension.cpp:239][2026-05-07 17:59:53.316]: put_Property begin
[error][D:\Works\Project\SDK_VS\Camera_UserKey\CameraLib\DeviceCtrl\Extension.cpp:248][2026-05-07 17:59:53.317]: put_Property end
[error][D:\Works\Project\SDK_VS\Camera_UserKey\CameraLib\DeviceCtrl\Extension.cpp:239][2026-05-07 17:59:53.317]: put_Property begin
[error][D:\Works\Project\SDK_VS\Camera_UserKey\CameraLib\DeviceCtrl\Extension.cpp:248][2026-05-07 17:59:53.318]: put_Property end
[error][D:\Works\Project\SDK_VS\Camera_UserKey\CameraLib\CameraDs.cpp:1002][2026-05-07 17:59:53.318]: CameraDs::SetExposure end
[error][D:\Works\Project\SDK_VS\Camera_UserKey\CameraLib\CameraDs.cpp:1000][2026-05-07 17:59:53.319]: CameraDs::SetExposure begin
[error][D:\Works\Project\SDK_VS\Camera_UserKey\CameraLib\DeviceCtrl\Extension.cpp:239][2026-05-07 17:59:53.319]: put_Property begin
[error][D:\Works\Project\SDK_VS\Camera_UserKey\CameraLib\DeviceCtrl\Extension.cpp:248][2026-05-07 17:59:53.319]: put_Property end
[error][D:\Works\Project\SDK_VS\Camera_UserKey\CameraLib\DeviceCtrl\Extension.cpp:239][2026-05-07 17:59:53.320]: put_Property begin
[error][D:\Works\Project\SDK_VS\Camera_UserKey\CameraLib\DeviceCtrl\Extension.cpp:248][2026-05-07 17:59:53.320]: put_Property end
[error][D:\Works\Project\SDK_VS\Camera_UserKey\CameraLib\DeviceCtrl\Extension.cpp:239][2026-05-07 17:59:53.321]: put_Property begin
[error][D:\Works\Project\SDK_VS\Camera_UserKey\CameraLib\DeviceCtrl\Extension.cpp:248][2026-05-07 17:59:53.321]: put_Property end
[error][D:\Works\Project\SDK_VS\Camera_UserKey\CameraLib\DeviceCtrl\Extension.cpp:239][2026-05-07 17:59:53.322]: put_Property begin
[error][D:\Works\Project\SDK_VS\Camera_UserKey\CameraLib\DeviceCtrl\Extension.cpp:248][2026-05-07 17:59:53.322]: put_Property end
[error][D:\Works\Project\SDK_VS\Camera_UserKey\CameraLib\DeviceCtrl\Extension.cpp:239][2026-05-07 17:59:53.323]: put_Property begin
[error][D:\Works\Project\SDK_VS\Camera_UserKey\CameraLib\DeviceCtrl\Extension.cpp:248][2026-05-07 17:59:53.324]: put_Property end
[error][D:\Works\Project\SDK_VS\Camera_UserKey\CameraLib\DeviceCtrl\Extension.cpp:239][2026-05-07 17:59:53.324]: put_Property begin
[error][D:\Works\Project\SDK_VS\Camera_UserKey\CameraLib\DeviceCtrl\Extension.cpp:248][2026-05-07 17:59:53.325]: put_Property end
[error][D:\Works\Project\SDK_VS\Camera_UserKey\CameraLib\DeviceCtrl\Extension.cpp:239][2026-05-07 17:59:53.325]: put_Property begin
[error][D:\Works\Project\SDK_VS\Camera_UserKey\CameraLib\DeviceCtrl\Extension.cpp:248][2026-05-07 17:59:53.326]: put_Property end
[error][D:\Works\Project\SDK_VS\Camera_UserKey\CameraLib\DeviceCtrl\Extension.cpp:239][2026-05-07 17:59:53.326]: put_Property begin
[error][D:\Works\Project\SDK_VS\Camera_UserKey\CameraLib\DeviceCtrl\Extension.cpp:248][2026-05-07 17:59:53.327]: put_Property end
[error][D:\Works\Project\SDK_VS\Camera_UserKey\CameraLib\DeviceCtrl\Extension.cpp:239][2026-05-07 17:59:53.327]: put_Property begin
[error][D:\Works\Project\SDK_VS\Camera_UserKey\CameraLib\DeviceCtrl\Extension.cpp:248][2026-05-07 17:59:53.328]: put_Property end
[error][D:\Works\Project\SDK_VS\Camera_UserKey\CameraLib\DeviceCtrl\Extension.cpp:239][2026-05-07 17:59:53.328]: put_Property begin
[error][D:\Works\Project\SDK_VS\Camera_UserKey\CameraLib\DeviceCtrl\Extension.cpp:248][2026-05-07 17:59:53.329]: put_Property end
[error][D:\Works\Project\SDK_VS\Camera_UserKey\CameraLib\DeviceCtrl\Extension.cpp:239][2026-05-07 17:59:53.330]: put_Property begin
[error][D:\Works\Project\SDK_VS\Camera_UserKey\CameraLib\DeviceCtrl\Extension.cpp:248][2026-05-07 17:59:53.330]: put_Property end
[error][D:\Works\Project\SDK_VS\Camera_UserKey\CameraLib\DeviceCtrl\Extension.cpp:239][2026-05-07 17:59:53.330]: put_Property begin
[error][D:\Works\Project\SDK_VS\Camera_UserKey\CameraLib\DeviceCtrl\Extension.cpp:248][2026-05-07 17:59:53.331]: put_Property end
[error][D:\Works\Project\SDK_VS\Camera_UserKey\CameraLib\CameraDs.cpp:1002][2026-05-07 17:59:53.331]: CameraDs::SetExposure end
[error][D:\Works\Project\SDK_VS\Camera_UserKey\CameraLib\CameraDs.cpp:1000][2026-05-07 18:00:34.380]: CameraDs::SetExposure begin
[error][D:\Works\Project\SDK_VS\Camera_UserKey\CameraLib\DeviceCtrl\Extension.cpp:239][2026-05-07 18:00:34.380]: put_Property begin
[error][D:\Works\Project\SDK_VS\Camera_UserKey\CameraLib\DeviceCtrl\Extension.cpp:248][2026-05-07 18:00:34.381]: put_Property end
[error][D:\Works\Project\SDK_VS\Camera_UserKey\CameraLib\DeviceCtrl\Extension.cpp:239][2026-05-07 18:00:34.381]: put_Property begin
[error][D:\Works\Project\SDK_VS\Camera_UserKey\CameraLib\DeviceCtrl\Extension.cpp:248][2026-05-07 18:00:34.381]: put_Property end
[error][D:\Works\Project\SDK_VS\Camera_UserKey\CameraLib\DeviceCtrl\Extension.cpp:239][2026-05-07 18:00:34.382]: put_Property begin
[error][D:\Works\Project\SDK_VS\Camera_UserKey\CameraLib\DeviceCtrl\Extension.cpp:248][2026-05-07 18:00:34.382]: put_Property end
[error][D:\Works\Project\SDK_VS\Camera_UserKey\CameraLib\DeviceCtrl\Extension.cpp:239][2026-05-07 18:00:34.383]: put_Property begin
[error][D:\Works\Project\SDK_VS\Camera_UserKey\CameraLib\DeviceCtrl\Extension.cpp:248][2026-05-07 18:00:34.383]: put_Property end
[error][D:\Works\Project\SDK_VS\Camera_UserKey\CameraLib\DeviceCtrl\Extension.cpp:239][2026-05-07 18:00:34.384]: put_Property begin
[error][D:\Works\Project\SDK_VS\Camera_UserKey\CameraLib\DeviceCtrl\Extension.cpp:248][2026-05-07 18:00:34.384]: put_Property end
[error][D:\Works\Project\SDK_VS\Camera_UserKey\CameraLib\DeviceCtrl\Extension.cpp:239][2026-05-07 18:00:34.385]: put_Property begin
[error][D:\Works\Project\SDK_VS\Camera_UserKey\CameraLib\DeviceCtrl\Extension.cpp:248][2026-05-07 18:00:34.385]: put_Property end
[error][D:\Works\Project\SDK_VS\Camera_UserKey\CameraLib\DeviceCtrl\Extension.cpp:239][2026-05-07 18:00:34.386]: put_Property begin
[error][D:\Works\Project\SDK_VS\Camera_UserKey\CameraLib\DeviceCtrl\Extension.cpp:248][2026-05-07 18:00:34.386]: put_Property end
[error][D:\Works\Project\SDK_VS\Camera_UserKey\CameraLib\DeviceCtrl\Extension.cpp:239][2026-05-07 18:00:34.387]: put_Property begin
[error][D:\Works\Project\SDK_VS\Camera_UserKey\CameraLib\DeviceCtrl\Extension.cpp:248][2026-05-07 18:00:34.387]: put_Property end
[error][D:\Works\Project\SDK_VS\Camera_UserKey\CameraLib\DeviceCtrl\Extension.cpp:239][2026-05-07 18:00:34.388]: put_Property begin
[error][D:\Works\Project\SDK_VS\Camera_UserKey\CameraLib\DeviceCtrl\Extension.cpp:248][2026-05-07 18:00:34.388]: put_Property end
[error][D:\Works\Project\SDK_VS\Camera_UserKey\CameraLib\DeviceCtrl\Extension.cpp:239][2026-05-07 18:00:34.389]: put_Property begin
[error][D:\Works\Project\SDK_VS\Camera_UserKey\CameraLib\DeviceCtrl\Extension.cpp:248][2026-05-07 18:00:34.389]: put_Property end
[error][D:\Works\Project\SDK_VS\Camera_UserKey\CameraLib\DeviceCtrl\Extension.cpp:239][2026-05-07 18:00:34.390]: put_Property begin
[error][D:\Works\Project\SDK_VS\Camera_UserKey\CameraLib\DeviceCtrl\Extension.cpp:248][2026-05-07 18:00:34.390]: put_Property end
[error][D:\Works\Project\SDK_VS\Camera_UserKey\CameraLib\DeviceCtrl\Extension.cpp:239][2026-05-07 18:00:34.390]: put_Property begin
[error][D:\Works\Project\SDK_VS\Camera_UserKey\CameraLib\DeviceCtrl\Extension.cpp:248][2026-05-07 18:00:34.391]: put_Property end
[error][D:\Works\Project\SDK_VS\Camera_UserKey\CameraLib\CameraDs.cpp:1002][2026-05-07 18:00:34.392]: CameraDs::SetExposure end
[error][D:\Works\Project\SDK_VS\Camera_UserKey\CameraLib\CameraDs.cpp:1000][2026-05-07 18:00:34.421]: CameraDs::SetExposure begin
[error][D:\Works\Project\SDK_VS\Camera_UserKey\CameraLib\DeviceCtrl\Extension.cpp:239][2026-05-07 18:00:34.421]: put_Property begin
[error][D:\Works\Project\SDK_VS\Camera_UserKey\CameraLib\DeviceCtrl\Extension.cpp:248][2026-05-07 18:00:34.422]: put_Property end
[error][D:\Works\Project\SDK_VS\Camera_UserKey\CameraLib\DeviceCtrl\Extension.cpp:239][2026-05-07 18:00:34.423]: put_Property begin
[error][D:\Works\Project\SDK_VS\Camera_UserKey\CameraLib\DeviceCtrl\Extension.cpp:248][2026-05-07 18:00:34.423]: put_Property end
[error][D:\Works\Project\SDK_VS\Camera_UserKey\CameraLib\DeviceCtrl\Extension.cpp:239][2026-05-07 18:00:34.424]: put_Property begin
[error][D:\Works\Project\SDK_VS\Camera_UserKey\CameraLib\DeviceCtrl\Extension.cpp:248][2026-05-07 18:00:34.424]: put_Property end
[error][D:\Works\Project\SDK_VS\Camera_UserKey\CameraLib\DeviceCtrl\Extension.cpp:239][2026-05-07 18:00:34.425]: put_Property begin
[error][D:\Works\Project\SDK_VS\Camera_UserKey\CameraLib\DeviceCtrl\Extension.cpp:248][2026-05-07 18:00:34.425]: put_Property end
[error][D:\Works\Project\SDK_VS\Camera_UserKey\CameraLib\DeviceCtrl\Extension.cpp:239][2026-05-07 18:00:34.426]: put_Property begin
[error][D:\Works\Project\SDK_VS\Camera_UserKey\CameraLib\DeviceCtrl\Extension.cpp:248][2026-05-07 18:00:34.426]: put_Property end
[error][D:\Works\Project\SDK_VS\Camera_UserKey\CameraLib\DeviceCtrl\Extension.cpp:239][2026-05-07 18:00:34.427]: put_Property begin
[error][D:\Works\Project\SDK_VS\Camera_UserKey\CameraLib\DeviceCtrl\Extension.cpp:248][2026-05-07 18:00:34.427]: put_Property end
[error][D:\Works\Project\SDK_VS\Camera_UserKey\CameraLib\DeviceCtrl\Extension.cpp:239][2026-05-07 18:00:34.428]: put_Property begin
[error][D:\Works\Project\SDK_VS\Camera_UserKey\CameraLib\DeviceCtrl\Extension.cpp:248][2026-05-07 18:00:34.428]: put_Property end
[error][D:\Works\Project\SDK_VS\Camera_UserKey\CameraLib\DeviceCtrl\Extension.cpp:239][2026-05-07 18:00:34.428]: put_Property begin
[error][D:\Works\Project\SDK_VS\Camera_UserKey\CameraLib\DeviceCtrl\Extension.cpp:248][2026-05-07 18:00:34.429]: put_Property end
[error][D:\Works\Project\SDK_VS\Camera_UserKey\CameraLib\DeviceCtrl\Extension.cpp:239][2026-05-07 18:00:34.429]: put_Property begin
[error][D:\Works\Project\SDK_VS\Camera_UserKey\CameraLib\DeviceCtrl\Extension.cpp:248][2026-05-07 18:00:34.430]: put_Property end
[error][D:\Works\Project\SDK_VS\Camera_UserKey\CameraLib\DeviceCtrl\Extension.cpp:239][2026-05-07 18:00:34.430]: put_Property begin
[error][D:\Works\Project\SDK_VS\Camera_UserKey\CameraLib\DeviceCtrl\Extension.cpp:248][2026-05-07 18:00:34.431]: put_Property end
[error][D:\Works\Project\SDK_VS\Camera_UserKey\CameraLib\DeviceCtrl\Extension.cpp:239][2026-05-07 18:00:34.431]: put_Property begin
[error][D:\Works\Project\SDK_VS\Camera_UserKey\CameraLib\DeviceCtrl\Extension.cpp:248][2026-05-07 18:00:34.432]: put_Property end
[error][D:\Works\Project\SDK_VS\Camera_UserKey\CameraLib\DeviceCtrl\Extension.cpp:239][2026-05-07 18:00:34.432]: put_Property begin
[error][D:\Works\Project\SDK_VS\Camera_UserKey\CameraLib\DeviceCtrl\Extension.cpp:248][2026-05-07 18:00:34.433]: put_Property end
[error][D:\Works\Project\SDK_VS\Camera_UserKey\CameraLib\CameraDs.cpp:1002][2026-05-07 18:00:34.433]: CameraDs::SetExposure end
